[2024-03-30T00:10:22.558+0000] {taskinstance.py:1979} INFO - Dependencies all met for dep_context=non-requeueable deps ti=<TaskInstance: user_ingestion_v2.stream_data_from_api manual__2024-03-30T00:10:18.898523+00:00 [queued]>
[2024-03-30T00:10:22.568+0000] {taskinstance.py:1979} INFO - Dependencies all met for dep_context=requeueable deps ti=<TaskInstance: user_ingestion_v2.stream_data_from_api manual__2024-03-30T00:10:18.898523+00:00 [queued]>
[2024-03-30T00:10:22.568+0000] {taskinstance.py:2193} INFO - Starting attempt 1 of 1
[2024-03-30T00:10:22.584+0000] {taskinstance.py:2217} INFO - Executing <Task(PythonOperator): stream_data_from_api> on 2024-03-30 00:10:18.898523+00:00
[2024-03-30T00:10:22.617+0000] {standard_task_runner.py:60} INFO - Started process 1261 to run task
[2024-03-30T00:10:22.638+0000] {standard_task_runner.py:87} INFO - Running: ['***', 'tasks', 'run', 'user_ingestion_v2', 'stream_data_from_api', 'manual__2024-03-30T00:10:18.898523+00:00', '--job-id', '61', '--raw', '--subdir', 'DAGS_FOLDER/kafka-streams.py', '--cfg-path', '/tmp/tmplk5jfevd']
[2024-03-30T00:10:22.665+0000] {standard_task_runner.py:88} INFO - Job 61: Subtask stream_data_from_api
[2024-03-30T00:10:22.944+0000] {task_command.py:423} INFO - Running <TaskInstance: user_ingestion_v2.stream_data_from_api manual__2024-03-30T00:10:18.898523+00:00 [running]> on host fd056ae37eea
[2024-03-30T00:10:23.450+0000] {taskinstance.py:2513} INFO - Exporting env vars: AIRFLOW_CTX_DAG_OWNER='svc' AIRFLOW_CTX_DAG_ID='user_ingestion_v2' AIRFLOW_CTX_TASK_ID='stream_data_from_api' AIRFLOW_CTX_EXECUTION_DATE='2024-03-30T00:10:18.898523+00:00' AIRFLOW_CTX_TRY_NUMBER='1' AIRFLOW_CTX_DAG_RUN_ID='manual__2024-03-30T00:10:18.898523+00:00'
[2024-03-30T00:10:23.630+0000] {conn.py:380} INFO - <BrokerConnection node_id=bootstrap-0 host=kafka:9092 <connecting> [IPv4 ('172.24.0.7', 9092)]>: connecting to kafka:9092 [('172.24.0.7', 9092) IPv4]
[2024-03-30T00:10:23.635+0000] {conn.py:410} INFO - <BrokerConnection node_id=bootstrap-0 host=kafka:9092 <connecting> [IPv4 ('172.24.0.7', 9092)]>: Connection complete.
[2024-03-30T00:10:24.469+0000] {logging_mixin.py:188} INFO - Data Sent!
[2024-03-30T00:10:24.471+0000] {conn.py:380} INFO - <BrokerConnection node_id=1 host=kafka:9092 <connecting> [IPv4 ('172.24.0.7', 9092)]>: connecting to kafka:9092 [('172.24.0.7', 9092) IPv4]
[2024-03-30T00:10:24.472+0000] {conn.py:410} INFO - <BrokerConnection node_id=1 host=kafka:9092 <connecting> [IPv4 ('172.24.0.7', 9092)]>: Connection complete.
[2024-03-30T00:10:24.473+0000] {conn.py:919} INFO - <BrokerConnection node_id=bootstrap-0 host=kafka:9092 <connected> [IPv4 ('172.24.0.7', 9092)]>: Closing connection. 
[2024-03-30T00:10:24.711+0000] {logging_mixin.py:188} INFO - Data Sent!
[2024-03-30T00:10:24.970+0000] {logging_mixin.py:188} INFO - Data Sent!
[2024-03-30T00:10:25.262+0000] {logging_mixin.py:188} INFO - Data Sent!
[2024-03-30T00:10:25.527+0000] {logging_mixin.py:188} INFO - Data Sent!
[2024-03-30T00:10:25.784+0000] {logging_mixin.py:188} INFO - Data Sent!
[2024-03-30T00:10:26.089+0000] {logging_mixin.py:188} INFO - Data Sent!
[2024-03-30T00:10:26.355+0000] {logging_mixin.py:188} INFO - Data Sent!
[2024-03-30T00:10:26.740+0000] {logging_mixin.py:188} INFO - Data Sent!
[2024-03-30T00:10:27.084+0000] {logging_mixin.py:188} INFO - Data Sent!
[2024-03-30T00:10:27.421+0000] {logging_mixin.py:188} INFO - Data Sent!
[2024-03-30T00:10:27.799+0000] {logging_mixin.py:188} INFO - Data Sent!
[2024-03-30T00:10:28.423+0000] {logging_mixin.py:188} INFO - Data Sent!
[2024-03-30T00:10:29.155+0000] {logging_mixin.py:188} INFO - Data Sent!
[2024-03-30T00:10:29.620+0000] {logging_mixin.py:188} INFO - Data Sent!
[2024-03-30T00:10:30.264+0000] {logging_mixin.py:188} INFO - Data Sent!
[2024-03-30T00:10:30.613+0000] {logging_mixin.py:188} INFO - Data Sent!
[2024-03-30T00:10:30.945+0000] {logging_mixin.py:188} INFO - Data Sent!
[2024-03-30T00:10:31.751+0000] {logging_mixin.py:188} INFO - Data Sent!
[2024-03-30T00:10:32.077+0000] {logging_mixin.py:188} INFO - Data Sent!
[2024-03-30T00:10:32.358+0000] {logging_mixin.py:188} INFO - Data Sent!
[2024-03-30T00:10:32.978+0000] {logging_mixin.py:188} INFO - Data Sent!
[2024-03-30T00:10:33.401+0000] {logging_mixin.py:188} INFO - Data Sent!
[2024-03-30T00:10:33.650+0000] {logging_mixin.py:188} INFO - Data Sent!
[2024-03-30T00:10:33.916+0000] {logging_mixin.py:188} INFO - Data Sent!
[2024-03-30T00:10:34.231+0000] {logging_mixin.py:188} INFO - Data Sent!
[2024-03-30T00:10:34.550+0000] {logging_mixin.py:188} INFO - Data Sent!
[2024-03-30T00:10:34.809+0000] {logging_mixin.py:188} INFO - Data Sent!
[2024-03-30T00:10:35.060+0000] {logging_mixin.py:188} INFO - Data Sent!
[2024-03-30T00:10:35.447+0000] {logging_mixin.py:188} INFO - Data Sent!
[2024-03-30T00:10:35.696+0000] {logging_mixin.py:188} INFO - Data Sent!
[2024-03-30T00:10:36.012+0000] {logging_mixin.py:188} INFO - Data Sent!
[2024-03-30T00:10:36.267+0000] {logging_mixin.py:188} INFO - Data Sent!
[2024-03-30T00:10:36.544+0000] {logging_mixin.py:188} INFO - Data Sent!
[2024-03-30T00:10:36.767+0000] {logging_mixin.py:188} INFO - Data Sent!
[2024-03-30T00:10:37.072+0000] {logging_mixin.py:188} INFO - Data Sent!
[2024-03-30T00:10:37.465+0000] {logging_mixin.py:188} INFO - Data Sent!
[2024-03-30T00:10:37.746+0000] {logging_mixin.py:188} INFO - Data Sent!
[2024-03-30T00:10:38.095+0000] {logging_mixin.py:188} INFO - Data Sent!
[2024-03-30T00:10:38.526+0000] {logging_mixin.py:188} INFO - Data Sent!
[2024-03-30T00:10:39.038+0000] {logging_mixin.py:188} INFO - Data Sent!
[2024-03-30T00:10:39.325+0000] {logging_mixin.py:188} INFO - Data Sent!
[2024-03-30T00:10:39.717+0000] {logging_mixin.py:188} INFO - Data Sent!
[2024-03-30T00:10:40.017+0000] {logging_mixin.py:188} INFO - Data Sent!
[2024-03-30T00:10:40.278+0000] {logging_mixin.py:188} INFO - Data Sent!
[2024-03-30T00:10:40.855+0000] {logging_mixin.py:188} INFO - Data Sent!
[2024-03-30T00:10:41.106+0000] {logging_mixin.py:188} INFO - Data Sent!
[2024-03-30T00:10:41.328+0000] {logging_mixin.py:188} INFO - Data Sent!
[2024-03-30T00:10:41.579+0000] {logging_mixin.py:188} INFO - Data Sent!
[2024-03-30T00:10:41.817+0000] {logging_mixin.py:188} INFO - Data Sent!
[2024-03-30T00:10:42.019+0000] {logging_mixin.py:188} INFO - Data Sent!
[2024-03-30T00:10:42.271+0000] {logging_mixin.py:188} INFO - Data Sent!
[2024-03-30T00:10:42.672+0000] {logging_mixin.py:188} INFO - Data Sent!
[2024-03-30T00:10:43.074+0000] {logging_mixin.py:188} INFO - Data Sent!
[2024-03-30T00:10:43.312+0000] {logging_mixin.py:188} INFO - Data Sent!
[2024-03-30T00:10:43.606+0000] {logging_mixin.py:188} INFO - Data Sent!
[2024-03-30T00:10:43.830+0000] {logging_mixin.py:188} INFO - Data Sent!
[2024-03-30T00:10:44.076+0000] {logging_mixin.py:188} INFO - Data Sent!
[2024-03-30T00:10:44.377+0000] {logging_mixin.py:188} INFO - Data Sent!
[2024-03-30T00:10:44.565+0000] {logging_mixin.py:188} INFO - Data Sent!
[2024-03-30T00:10:44.849+0000] {logging_mixin.py:188} INFO - Data Sent!
[2024-03-30T00:10:45.057+0000] {logging_mixin.py:188} INFO - Data Sent!
[2024-03-30T00:10:45.327+0000] {logging_mixin.py:188} INFO - Data Sent!
[2024-03-30T00:10:45.500+0000] {logging_mixin.py:188} INFO - Data Sent!
[2024-03-30T00:10:45.819+0000] {logging_mixin.py:188} INFO - Data Sent!
[2024-03-30T00:10:46.034+0000] {logging_mixin.py:188} INFO - Data Sent!
[2024-03-30T00:10:46.254+0000] {logging_mixin.py:188} INFO - Data Sent!
[2024-03-30T00:10:46.518+0000] {logging_mixin.py:188} INFO - Data Sent!
[2024-03-30T00:10:46.847+0000] {logging_mixin.py:188} INFO - Data Sent!
[2024-03-30T00:10:47.098+0000] {logging_mixin.py:188} INFO - Data Sent!
[2024-03-30T00:10:47.311+0000] {logging_mixin.py:188} INFO - Data Sent!
[2024-03-30T00:10:47.569+0000] {logging_mixin.py:188} INFO - Data Sent!
[2024-03-30T00:10:48.068+0000] {logging_mixin.py:188} INFO - Data Sent!
[2024-03-30T00:10:48.257+0000] {logging_mixin.py:188} INFO - Data Sent!
[2024-03-30T00:10:48.463+0000] {logging_mixin.py:188} INFO - Data Sent!
[2024-03-30T00:10:48.683+0000] {logging_mixin.py:188} INFO - Data Sent!
[2024-03-30T00:10:48.889+0000] {logging_mixin.py:188} INFO - Data Sent!
[2024-03-30T00:10:49.117+0000] {logging_mixin.py:188} INFO - Data Sent!
[2024-03-30T00:10:49.324+0000] {logging_mixin.py:188} INFO - Data Sent!
[2024-03-30T00:10:49.535+0000] {logging_mixin.py:188} INFO - Data Sent!
[2024-03-30T00:10:49.754+0000] {logging_mixin.py:188} INFO - Data Sent!
[2024-03-30T00:10:49.959+0000] {logging_mixin.py:188} INFO - Data Sent!
[2024-03-30T00:10:50.187+0000] {logging_mixin.py:188} INFO - Data Sent!
[2024-03-30T00:10:50.610+0000] {logging_mixin.py:188} INFO - Data Sent!
[2024-03-30T00:10:50.885+0000] {logging_mixin.py:188} INFO - Data Sent!
[2024-03-30T00:10:51.126+0000] {logging_mixin.py:188} INFO - Data Sent!
[2024-03-30T00:10:51.330+0000] {logging_mixin.py:188} INFO - Data Sent!
[2024-03-30T00:10:51.522+0000] {logging_mixin.py:188} INFO - Data Sent!
[2024-03-30T00:10:51.756+0000] {logging_mixin.py:188} INFO - Data Sent!
[2024-03-30T00:10:52.071+0000] {logging_mixin.py:188} INFO - Data Sent!
[2024-03-30T00:10:52.290+0000] {logging_mixin.py:188} INFO - Data Sent!
[2024-03-30T00:10:52.515+0000] {logging_mixin.py:188} INFO - Data Sent!
[2024-03-30T00:10:52.746+0000] {logging_mixin.py:188} INFO - Data Sent!
[2024-03-30T00:10:52.963+0000] {logging_mixin.py:188} INFO - Data Sent!
[2024-03-30T00:10:53.213+0000] {logging_mixin.py:188} INFO - Data Sent!
[2024-03-30T00:10:53.467+0000] {logging_mixin.py:188} INFO - Data Sent!
[2024-03-30T00:10:53.693+0000] {logging_mixin.py:188} INFO - Data Sent!
[2024-03-30T00:10:53.912+0000] {logging_mixin.py:188} INFO - Data Sent!
[2024-03-30T00:10:54.172+0000] {logging_mixin.py:188} INFO - Data Sent!
[2024-03-30T00:10:54.384+0000] {logging_mixin.py:188} INFO - Data Sent!
[2024-03-30T00:10:54.869+0000] {logging_mixin.py:188} INFO - Data Sent!
[2024-03-30T00:10:55.580+0000] {logging_mixin.py:188} INFO - Data Sent!
[2024-03-30T00:10:56.621+0000] {logging_mixin.py:188} INFO - Data Sent!
[2024-03-30T00:10:56.947+0000] {logging_mixin.py:188} INFO - Data Sent!
[2024-03-30T00:10:57.218+0000] {logging_mixin.py:188} INFO - Data Sent!
[2024-03-30T00:10:57.412+0000] {logging_mixin.py:188} INFO - Data Sent!
[2024-03-30T00:10:57.647+0000] {logging_mixin.py:188} INFO - Data Sent!
[2024-03-30T00:10:57.871+0000] {logging_mixin.py:188} INFO - Data Sent!
[2024-03-30T00:10:58.130+0000] {logging_mixin.py:188} INFO - Data Sent!
[2024-03-30T00:10:58.448+0000] {logging_mixin.py:188} INFO - Data Sent!
[2024-03-30T00:10:58.754+0000] {logging_mixin.py:188} INFO - Data Sent!
[2024-03-30T00:10:59.020+0000] {logging_mixin.py:188} INFO - Data Sent!
[2024-03-30T00:10:59.279+0000] {logging_mixin.py:188} INFO - Data Sent!
[2024-03-30T00:11:01.026+0000] {logging_mixin.py:188} INFO - Data Sent!
[2024-03-30T00:11:01.765+0000] {logging_mixin.py:188} INFO - Data Sent!
[2024-03-30T00:11:02.243+0000] {logging_mixin.py:188} INFO - Data Sent!
[2024-03-30T00:11:02.584+0000] {logging_mixin.py:188} INFO - Data Sent!
[2024-03-30T00:11:02.935+0000] {logging_mixin.py:188} INFO - Data Sent!
[2024-03-30T00:11:03.649+0000] {logging_mixin.py:188} INFO - Data Sent!
[2024-03-30T00:11:03.855+0000] {logging_mixin.py:188} INFO - Data Sent!
[2024-03-30T00:11:04.071+0000] {logging_mixin.py:188} INFO - Data Sent!
[2024-03-30T00:11:04.309+0000] {logging_mixin.py:188} INFO - Data Sent!
[2024-03-30T00:11:04.522+0000] {logging_mixin.py:188} INFO - Data Sent!
[2024-03-30T00:11:04.803+0000] {logging_mixin.py:188} INFO - Data Sent!
[2024-03-30T00:11:05.070+0000] {logging_mixin.py:188} INFO - Data Sent!
[2024-03-30T00:11:05.325+0000] {logging_mixin.py:188} INFO - Data Sent!
[2024-03-30T00:11:05.593+0000] {logging_mixin.py:188} INFO - Data Sent!
[2024-03-30T00:11:05.777+0000] {logging_mixin.py:188} INFO - Data Sent!
[2024-03-30T00:11:05.997+0000] {logging_mixin.py:188} INFO - Data Sent!
[2024-03-30T00:11:06.180+0000] {logging_mixin.py:188} INFO - Data Sent!
[2024-03-30T00:11:06.442+0000] {logging_mixin.py:188} INFO - Data Sent!
[2024-03-30T00:11:06.637+0000] {logging_mixin.py:188} INFO - Data Sent!
[2024-03-30T00:11:06.848+0000] {logging_mixin.py:188} INFO - Data Sent!
[2024-03-30T00:11:07.141+0000] {logging_mixin.py:188} INFO - Data Sent!
[2024-03-30T00:11:07.393+0000] {logging_mixin.py:188} INFO - Data Sent!
[2024-03-30T00:11:07.589+0000] {logging_mixin.py:188} INFO - Data Sent!
[2024-03-30T00:11:07.821+0000] {logging_mixin.py:188} INFO - Data Sent!
[2024-03-30T00:11:08.026+0000] {logging_mixin.py:188} INFO - Data Sent!
[2024-03-30T00:11:08.237+0000] {logging_mixin.py:188} INFO - Data Sent!
[2024-03-30T00:11:08.465+0000] {logging_mixin.py:188} INFO - Data Sent!
[2024-03-30T00:11:08.757+0000] {logging_mixin.py:188} INFO - Data Sent!
[2024-03-30T00:11:08.984+0000] {logging_mixin.py:188} INFO - Data Sent!
[2024-03-30T00:11:09.208+0000] {logging_mixin.py:188} INFO - Data Sent!
[2024-03-30T00:11:09.423+0000] {logging_mixin.py:188} INFO - Data Sent!
[2024-03-30T00:11:09.674+0000] {logging_mixin.py:188} INFO - Data Sent!
[2024-03-30T00:11:09.958+0000] {logging_mixin.py:188} INFO - Data Sent!
[2024-03-30T00:11:10.172+0000] {logging_mixin.py:188} INFO - Data Sent!
[2024-03-30T00:11:10.405+0000] {logging_mixin.py:188} INFO - Data Sent!
[2024-03-30T00:11:10.593+0000] {logging_mixin.py:188} INFO - Data Sent!
[2024-03-30T00:11:10.891+0000] {logging_mixin.py:188} INFO - Data Sent!
[2024-03-30T00:11:11.316+0000] {logging_mixin.py:188} INFO - Data Sent!
[2024-03-30T00:11:11.537+0000] {logging_mixin.py:188} INFO - Data Sent!
[2024-03-30T00:11:11.760+0000] {logging_mixin.py:188} INFO - Data Sent!
[2024-03-30T00:11:11.984+0000] {logging_mixin.py:188} INFO - Data Sent!
[2024-03-30T00:11:12.182+0000] {logging_mixin.py:188} INFO - Data Sent!
[2024-03-30T00:11:12.398+0000] {logging_mixin.py:188} INFO - Data Sent!
[2024-03-30T00:11:12.626+0000] {logging_mixin.py:188} INFO - Data Sent!
[2024-03-30T00:11:12.866+0000] {logging_mixin.py:188} INFO - Data Sent!
[2024-03-30T00:11:13.071+0000] {logging_mixin.py:188} INFO - Data Sent!
[2024-03-30T00:11:13.812+0000] {logging_mixin.py:188} INFO - Data Sent!
[2024-03-30T00:11:13.998+0000] {logging_mixin.py:188} INFO - Data Sent!
[2024-03-30T00:11:14.205+0000] {logging_mixin.py:188} INFO - Data Sent!
[2024-03-30T00:11:14.433+0000] {logging_mixin.py:188} INFO - Data Sent!
[2024-03-30T00:11:14.646+0000] {logging_mixin.py:188} INFO - Data Sent!
[2024-03-30T00:11:14.846+0000] {logging_mixin.py:188} INFO - Data Sent!
[2024-03-30T00:11:15.149+0000] {logging_mixin.py:188} INFO - Data Sent!
[2024-03-30T00:11:15.389+0000] {logging_mixin.py:188} INFO - Data Sent!
[2024-03-30T00:11:15.605+0000] {logging_mixin.py:188} INFO - Data Sent!
[2024-03-30T00:11:15.819+0000] {logging_mixin.py:188} INFO - Data Sent!
[2024-03-30T00:11:16.049+0000] {logging_mixin.py:188} INFO - Data Sent!
[2024-03-30T00:11:16.287+0000] {logging_mixin.py:188} INFO - Data Sent!
[2024-03-30T00:11:16.554+0000] {logging_mixin.py:188} INFO - Data Sent!
[2024-03-30T00:11:16.813+0000] {logging_mixin.py:188} INFO - Data Sent!
[2024-03-30T00:11:17.065+0000] {logging_mixin.py:188} INFO - Data Sent!
[2024-03-30T00:11:17.342+0000] {logging_mixin.py:188} INFO - Data Sent!
[2024-03-30T00:11:17.672+0000] {logging_mixin.py:188} INFO - Data Sent!
[2024-03-30T00:11:18.034+0000] {logging_mixin.py:188} INFO - Data Sent!
[2024-03-30T00:11:18.445+0000] {logging_mixin.py:188} INFO - Data Sent!
[2024-03-30T00:11:18.786+0000] {logging_mixin.py:188} INFO - Data Sent!
[2024-03-30T00:11:19.474+0000] {logging_mixin.py:188} INFO - Data Sent!
[2024-03-30T00:11:19.809+0000] {logging_mixin.py:188} INFO - Data Sent!
[2024-03-30T00:11:21.135+0000] {logging_mixin.py:188} INFO - Data Sent!
[2024-03-30T00:11:21.417+0000] {logging_mixin.py:188} INFO - Data Sent!
[2024-03-30T00:11:21.674+0000] {logging_mixin.py:188} INFO - Data Sent!
[2024-03-30T00:11:21.907+0000] {logging_mixin.py:188} INFO - Data Sent!
[2024-03-30T00:11:22.179+0000] {logging_mixin.py:188} INFO - Data Sent!
[2024-03-30T00:11:22.364+0000] {logging_mixin.py:188} INFO - Data Sent!
[2024-03-30T00:11:22.589+0000] {logging_mixin.py:188} INFO - Data Sent!
[2024-03-30T00:11:22.806+0000] {logging_mixin.py:188} INFO - Data Sent!
[2024-03-30T00:11:23.124+0000] {logging_mixin.py:188} INFO - Data Sent!
[2024-03-30T00:11:23.430+0000] {logging_mixin.py:188} INFO - Data Sent!
[2024-03-30T00:11:23.650+0000] {logging_mixin.py:188} INFO - Data Sent!
[2024-03-30T00:11:23.927+0000] {logging_mixin.py:188} INFO - Data Sent!
[2024-03-30T00:11:24.130+0000] {logging_mixin.py:188} INFO - Data Sent!
[2024-03-30T00:11:24.363+0000] {logging_mixin.py:188} INFO - Data Sent!
[2024-03-30T00:11:24.585+0000] {logging_mixin.py:188} INFO - Data Sent!
[2024-03-30T00:11:24.987+0000] {logging_mixin.py:188} INFO - Data Sent!
[2024-03-30T00:11:25.301+0000] {logging_mixin.py:188} INFO - Data Sent!
[2024-03-30T00:11:25.702+0000] {logging_mixin.py:188} INFO - Data Sent!
[2024-03-30T00:11:26.397+0000] {logging_mixin.py:188} INFO - Data Sent!
[2024-03-30T00:11:26.722+0000] {logging_mixin.py:188} INFO - Data Sent!
[2024-03-30T00:11:26.995+0000] {logging_mixin.py:188} INFO - Data Sent!
[2024-03-30T00:11:27.228+0000] {logging_mixin.py:188} INFO - Data Sent!
[2024-03-30T00:11:28.069+0000] {logging_mixin.py:188} INFO - Data Sent!
[2024-03-30T00:11:28.437+0000] {logging_mixin.py:188} INFO - Data Sent!
[2024-03-30T00:11:28.821+0000] {logging_mixin.py:188} INFO - Data Sent!
[2024-03-30T00:11:29.268+0000] {logging_mixin.py:188} INFO - Data Sent!
[2024-03-30T00:11:29.874+0000] {logging_mixin.py:188} INFO - Data Sent!
[2024-03-30T00:11:30.800+0000] {logging_mixin.py:188} INFO - Data Sent!
[2024-03-30T00:11:31.094+0000] {logging_mixin.py:188} INFO - Data Sent!
[2024-03-30T00:11:31.663+0000] {logging_mixin.py:188} INFO - Data Sent!
[2024-03-30T00:11:31.968+0000] {logging_mixin.py:188} INFO - Data Sent!
[2024-03-30T00:11:32.212+0000] {logging_mixin.py:188} INFO - Data Sent!
[2024-03-30T00:11:32.633+0000] {logging_mixin.py:188} INFO - Data Sent!
[2024-03-30T00:11:32.953+0000] {logging_mixin.py:188} INFO - Data Sent!
[2024-03-30T00:11:33.330+0000] {logging_mixin.py:188} INFO - Data Sent!
[2024-03-30T00:11:34.187+0000] {logging_mixin.py:188} INFO - Data Sent!
[2024-03-30T00:11:34.577+0000] {logging_mixin.py:188} INFO - Data Sent!
[2024-03-30T00:11:34.933+0000] {logging_mixin.py:188} INFO - Data Sent!
[2024-03-30T00:11:35.314+0000] {logging_mixin.py:188} INFO - Data Sent!
[2024-03-30T00:11:35.692+0000] {logging_mixin.py:188} INFO - Data Sent!
[2024-03-30T00:11:36.021+0000] {logging_mixin.py:188} INFO - Data Sent!
[2024-03-30T00:11:36.287+0000] {logging_mixin.py:188} INFO - Data Sent!
[2024-03-30T00:11:36.537+0000] {logging_mixin.py:188} INFO - Data Sent!
[2024-03-30T00:11:36.774+0000] {logging_mixin.py:188} INFO - Data Sent!
[2024-03-30T00:11:37.032+0000] {logging_mixin.py:188} INFO - Data Sent!
[2024-03-30T00:11:37.277+0000] {logging_mixin.py:188} INFO - Data Sent!
[2024-03-30T00:11:37.485+0000] {logging_mixin.py:188} INFO - Data Sent!
[2024-03-30T00:11:37.684+0000] {logging_mixin.py:188} INFO - Data Sent!
[2024-03-30T00:11:37.893+0000] {logging_mixin.py:188} INFO - Data Sent!
[2024-03-30T00:11:38.186+0000] {logging_mixin.py:188} INFO - Data Sent!
[2024-03-30T00:11:38.463+0000] {logging_mixin.py:188} INFO - Data Sent!
[2024-03-30T00:11:38.955+0000] {logging_mixin.py:188} INFO - Data Sent!
[2024-03-30T00:11:39.332+0000] {logging_mixin.py:188} INFO - Data Sent!
[2024-03-30T00:11:39.636+0000] {logging_mixin.py:188} INFO - Data Sent!
[2024-03-30T00:11:39.955+0000] {logging_mixin.py:188} INFO - Data Sent!
[2024-03-30T00:11:40.178+0000] {logging_mixin.py:188} INFO - Data Sent!
[2024-03-30T00:11:40.466+0000] {logging_mixin.py:188} INFO - Data Sent!
[2024-03-30T00:11:40.819+0000] {logging_mixin.py:188} INFO - Data Sent!
[2024-03-30T00:11:41.164+0000] {logging_mixin.py:188} INFO - Data Sent!
[2024-03-30T00:11:41.415+0000] {logging_mixin.py:188} INFO - Data Sent!
[2024-03-30T00:11:41.642+0000] {logging_mixin.py:188} INFO - Data Sent!
[2024-03-30T00:11:41.872+0000] {logging_mixin.py:188} INFO - Data Sent!
[2024-03-30T00:11:42.238+0000] {logging_mixin.py:188} INFO - Data Sent!
[2024-03-30T00:11:42.834+0000] {logging_mixin.py:188} INFO - Data Sent!
[2024-03-30T00:11:43.329+0000] {logging_mixin.py:188} INFO - Data Sent!
[2024-03-30T00:11:45.567+0000] {logging_mixin.py:188} INFO - Data Sent!
[2024-03-30T00:11:47.712+0000] {logging_mixin.py:188} INFO - Data Sent!
[2024-03-30T00:11:48.458+0000] {logging_mixin.py:188} INFO - Data Sent!
[2024-03-30T00:11:48.753+0000] {logging_mixin.py:188} INFO - Data Sent!
[2024-03-30T00:11:48.981+0000] {logging_mixin.py:188} INFO - Data Sent!
[2024-03-30T00:11:49.296+0000] {logging_mixin.py:188} INFO - Data Sent!
[2024-03-30T00:11:49.489+0000] {logging_mixin.py:188} INFO - Data Sent!
[2024-03-30T00:11:49.998+0000] {logging_mixin.py:188} INFO - Data Sent!
[2024-03-30T00:11:50.283+0000] {logging_mixin.py:188} INFO - Data Sent!
[2024-03-30T00:11:50.560+0000] {logging_mixin.py:188} INFO - Data Sent!
[2024-03-30T00:11:50.810+0000] {logging_mixin.py:188} INFO - Data Sent!
[2024-03-30T00:11:51.103+0000] {logging_mixin.py:188} INFO - Data Sent!
[2024-03-30T00:11:51.685+0000] {logging_mixin.py:188} INFO - Data Sent!
[2024-03-30T00:11:52.166+0000] {logging_mixin.py:188} INFO - Data Sent!
[2024-03-30T00:11:52.506+0000] {logging_mixin.py:188} INFO - Data Sent!
[2024-03-30T00:11:52.801+0000] {logging_mixin.py:188} INFO - Data Sent!
[2024-03-30T00:11:53.079+0000] {logging_mixin.py:188} INFO - Data Sent!
[2024-03-30T00:11:53.398+0000] {logging_mixin.py:188} INFO - Data Sent!
[2024-03-30T00:11:55.286+0000] {logging_mixin.py:188} INFO - Data Sent!
[2024-03-30T00:11:55.972+0000] {logging_mixin.py:188} INFO - Data Sent!
[2024-03-30T00:11:56.288+0000] {logging_mixin.py:188} INFO - Data Sent!
[2024-03-30T00:11:56.631+0000] {logging_mixin.py:188} INFO - Data Sent!
[2024-03-30T00:11:56.851+0000] {logging_mixin.py:188} INFO - Data Sent!
[2024-03-30T00:11:57.086+0000] {logging_mixin.py:188} INFO - Data Sent!
[2024-03-30T00:11:57.298+0000] {logging_mixin.py:188} INFO - Data Sent!
[2024-03-30T00:11:57.656+0000] {logging_mixin.py:188} INFO - Data Sent!
[2024-03-30T00:11:57.901+0000] {logging_mixin.py:188} INFO - Data Sent!
[2024-03-30T00:11:58.123+0000] {logging_mixin.py:188} INFO - Data Sent!
[2024-03-30T00:11:58.374+0000] {logging_mixin.py:188} INFO - Data Sent!
[2024-03-30T00:11:58.659+0000] {logging_mixin.py:188} INFO - Data Sent!
[2024-03-30T00:11:58.899+0000] {logging_mixin.py:188} INFO - Data Sent!
[2024-03-30T00:11:59.218+0000] {logging_mixin.py:188} INFO - Data Sent!
[2024-03-30T00:11:59.481+0000] {logging_mixin.py:188} INFO - Data Sent!
[2024-03-30T00:11:59.830+0000] {logging_mixin.py:188} INFO - Data Sent!
[2024-03-30T00:12:00.039+0000] {logging_mixin.py:188} INFO - Data Sent!
[2024-03-30T00:12:00.290+0000] {logging_mixin.py:188} INFO - Data Sent!
[2024-03-30T00:12:00.683+0000] {logging_mixin.py:188} INFO - Data Sent!
[2024-03-30T00:12:00.951+0000] {logging_mixin.py:188} INFO - Data Sent!
[2024-03-30T00:12:01.171+0000] {logging_mixin.py:188} INFO - Data Sent!
[2024-03-30T00:12:01.413+0000] {logging_mixin.py:188} INFO - Data Sent!
[2024-03-30T00:12:01.692+0000] {logging_mixin.py:188} INFO - Data Sent!
[2024-03-30T00:12:01.959+0000] {logging_mixin.py:188} INFO - Data Sent!
[2024-03-30T00:12:02.229+0000] {logging_mixin.py:188} INFO - Data Sent!
[2024-03-30T00:12:02.494+0000] {logging_mixin.py:188} INFO - Data Sent!
[2024-03-30T00:12:02.671+0000] {logging_mixin.py:188} INFO - Data Sent!
[2024-03-30T00:12:03.459+0000] {logging_mixin.py:188} INFO - Data Sent!
[2024-03-30T00:12:03.895+0000] {logging_mixin.py:188} INFO - Data Sent!
[2024-03-30T00:12:04.081+0000] {logging_mixin.py:188} INFO - Data Sent!
[2024-03-30T00:12:04.301+0000] {logging_mixin.py:188} INFO - Data Sent!
[2024-03-30T00:12:04.502+0000] {logging_mixin.py:188} INFO - Data Sent!
[2024-03-30T00:12:04.720+0000] {logging_mixin.py:188} INFO - Data Sent!
[2024-03-30T00:12:04.931+0000] {logging_mixin.py:188} INFO - Data Sent!
[2024-03-30T00:12:05.221+0000] {logging_mixin.py:188} INFO - Data Sent!
[2024-03-30T00:12:05.504+0000] {logging_mixin.py:188} INFO - Data Sent!
[2024-03-30T00:12:05.778+0000] {logging_mixin.py:188} INFO - Data Sent!
[2024-03-30T00:12:06.018+0000] {logging_mixin.py:188} INFO - Data Sent!
[2024-03-30T00:12:06.253+0000] {logging_mixin.py:188} INFO - Data Sent!
[2024-03-30T00:12:06.466+0000] {logging_mixin.py:188} INFO - Data Sent!
[2024-03-30T00:12:06.711+0000] {logging_mixin.py:188} INFO - Data Sent!
[2024-03-30T00:12:06.912+0000] {logging_mixin.py:188} INFO - Data Sent!
[2024-03-30T00:12:07.118+0000] {logging_mixin.py:188} INFO - Data Sent!
[2024-03-30T00:12:07.355+0000] {logging_mixin.py:188} INFO - Data Sent!
[2024-03-30T00:12:07.554+0000] {logging_mixin.py:188} INFO - Data Sent!
[2024-03-30T00:12:07.753+0000] {logging_mixin.py:188} INFO - Data Sent!
[2024-03-30T00:12:07.977+0000] {logging_mixin.py:188} INFO - Data Sent!
[2024-03-30T00:12:08.196+0000] {logging_mixin.py:188} INFO - Data Sent!
[2024-03-30T00:12:08.390+0000] {logging_mixin.py:188} INFO - Data Sent!
[2024-03-30T00:12:08.594+0000] {logging_mixin.py:188} INFO - Data Sent!
[2024-03-30T00:12:08.800+0000] {logging_mixin.py:188} INFO - Data Sent!
[2024-03-30T00:12:08.997+0000] {logging_mixin.py:188} INFO - Data Sent!
[2024-03-30T00:12:09.205+0000] {logging_mixin.py:188} INFO - Data Sent!
[2024-03-30T00:12:09.409+0000] {logging_mixin.py:188} INFO - Data Sent!
[2024-03-30T00:12:09.607+0000] {logging_mixin.py:188} INFO - Data Sent!
[2024-03-30T00:12:09.825+0000] {logging_mixin.py:188} INFO - Data Sent!
[2024-03-30T00:12:10.071+0000] {logging_mixin.py:188} INFO - Data Sent!
[2024-03-30T00:12:10.403+0000] {logging_mixin.py:188} INFO - Data Sent!
[2024-03-30T00:12:10.597+0000] {logging_mixin.py:188} INFO - Data Sent!
[2024-03-30T00:12:10.836+0000] {logging_mixin.py:188} INFO - Data Sent!
[2024-03-30T00:12:11.114+0000] {logging_mixin.py:188} INFO - Data Sent!
[2024-03-30T00:12:11.414+0000] {logging_mixin.py:188} INFO - Data Sent!
[2024-03-30T00:12:11.612+0000] {logging_mixin.py:188} INFO - Data Sent!
[2024-03-30T00:12:11.838+0000] {logging_mixin.py:188} INFO - Data Sent!
[2024-03-30T00:12:12.028+0000] {logging_mixin.py:188} INFO - Data Sent!
[2024-03-30T00:12:12.273+0000] {logging_mixin.py:188} INFO - Data Sent!
[2024-03-30T00:12:12.508+0000] {logging_mixin.py:188} INFO - Data Sent!
[2024-03-30T00:12:12.733+0000] {logging_mixin.py:188} INFO - Data Sent!
[2024-03-30T00:12:13.006+0000] {logging_mixin.py:188} INFO - Data Sent!
[2024-03-30T00:12:13.218+0000] {logging_mixin.py:188} INFO - Data Sent!
[2024-03-30T00:12:13.485+0000] {logging_mixin.py:188} INFO - Data Sent!
[2024-03-30T00:12:13.692+0000] {logging_mixin.py:188} INFO - Data Sent!
[2024-03-30T00:12:13.889+0000] {logging_mixin.py:188} INFO - Data Sent!
[2024-03-30T00:12:14.096+0000] {logging_mixin.py:188} INFO - Data Sent!
[2024-03-30T00:12:14.350+0000] {logging_mixin.py:188} INFO - Data Sent!
[2024-03-30T00:12:14.581+0000] {logging_mixin.py:188} INFO - Data Sent!
[2024-03-30T00:12:14.789+0000] {logging_mixin.py:188} INFO - Data Sent!
[2024-03-30T00:12:15.018+0000] {logging_mixin.py:188} INFO - Data Sent!
[2024-03-30T00:12:15.264+0000] {logging_mixin.py:188} INFO - Data Sent!
[2024-03-30T00:12:15.519+0000] {logging_mixin.py:188} INFO - Data Sent!
[2024-03-30T00:12:16.036+0000] {logging_mixin.py:188} INFO - Data Sent!
[2024-03-30T00:12:16.362+0000] {logging_mixin.py:188} INFO - Data Sent!
[2024-03-30T00:12:16.568+0000] {logging_mixin.py:188} INFO - Data Sent!
[2024-03-30T00:12:16.813+0000] {logging_mixin.py:188} INFO - Data Sent!
[2024-03-30T00:12:17.081+0000] {logging_mixin.py:188} INFO - Data Sent!
[2024-03-30T00:12:17.273+0000] {logging_mixin.py:188} INFO - Data Sent!
[2024-03-30T00:12:17.519+0000] {logging_mixin.py:188} INFO - Data Sent!
[2024-03-30T00:12:17.756+0000] {logging_mixin.py:188} INFO - Data Sent!
[2024-03-30T00:12:17.963+0000] {logging_mixin.py:188} INFO - Data Sent!
[2024-03-30T00:12:18.176+0000] {logging_mixin.py:188} INFO - Data Sent!
[2024-03-30T00:12:18.415+0000] {logging_mixin.py:188} INFO - Data Sent!
[2024-03-30T00:12:18.631+0000] {logging_mixin.py:188} INFO - Data Sent!
[2024-03-30T00:12:18.824+0000] {logging_mixin.py:188} INFO - Data Sent!
[2024-03-30T00:12:19.027+0000] {logging_mixin.py:188} INFO - Data Sent!
[2024-03-30T00:12:19.235+0000] {logging_mixin.py:188} INFO - Data Sent!
[2024-03-30T00:12:19.443+0000] {logging_mixin.py:188} INFO - Data Sent!
[2024-03-30T00:12:19.638+0000] {logging_mixin.py:188} INFO - Data Sent!
[2024-03-30T00:12:19.867+0000] {logging_mixin.py:188} INFO - Data Sent!
[2024-03-30T00:12:20.095+0000] {logging_mixin.py:188} INFO - Data Sent!
[2024-03-30T00:12:20.344+0000] {logging_mixin.py:188} INFO - Data Sent!
[2024-03-30T00:12:20.547+0000] {logging_mixin.py:188} INFO - Data Sent!
[2024-03-30T00:12:20.804+0000] {logging_mixin.py:188} INFO - Data Sent!
[2024-03-30T00:12:21.057+0000] {logging_mixin.py:188} INFO - Data Sent!
[2024-03-30T00:12:21.248+0000] {logging_mixin.py:188} INFO - Data Sent!
[2024-03-30T00:12:21.533+0000] {logging_mixin.py:188} INFO - Data Sent!
[2024-03-30T00:12:21.785+0000] {logging_mixin.py:188} INFO - Data Sent!
[2024-03-30T00:12:21.979+0000] {logging_mixin.py:188} INFO - Data Sent!
[2024-03-30T00:12:22.241+0000] {logging_mixin.py:188} INFO - Data Sent!
[2024-03-30T00:12:22.470+0000] {logging_mixin.py:188} INFO - Data Sent!
[2024-03-30T00:12:22.713+0000] {logging_mixin.py:188} INFO - Data Sent!
[2024-03-30T00:12:22.996+0000] {logging_mixin.py:188} INFO - Data Sent!
[2024-03-30T00:12:23.738+0000] {logging_mixin.py:188} INFO - Data Sent!
[2024-03-30T00:12:23.785+0000] {conn.py:919} INFO - <BrokerConnection node_id=1 host=kafka:9092 <connected> [IPv4 ('172.24.0.7', 9092)]>: Closing connection. 
[2024-03-30T00:12:23.859+0000] {python.py:202} INFO - Done. Returned value was: None
[2024-03-30T00:12:24.546+0000] {taskinstance.py:1149} INFO - Marking task as SUCCESS. dag_id=user_ingestion_v2, task_id=stream_data_from_api, execution_date=20240330T001018, start_date=20240330T001022, end_date=20240330T001224
[2024-03-30T00:12:24.933+0000] {local_task_job_runner.py:234} INFO - Task exited with return code 0
[2024-03-30T00:12:25.139+0000] {taskinstance.py:3312} INFO - 0 downstream tasks scheduled from follow-on schedule check
