[2024-03-30T18:48:36.455+0000] {taskinstance.py:1979} INFO - Dependencies all met for dep_context=non-requeueable deps ti=<TaskInstance: user_ingestion.stream_data_from_api manual__2024-03-30T18:48:32.986142+00:00 [queued]>
[2024-03-30T18:48:36.479+0000] {taskinstance.py:1979} INFO - Dependencies all met for dep_context=requeueable deps ti=<TaskInstance: user_ingestion.stream_data_from_api manual__2024-03-30T18:48:32.986142+00:00 [queued]>
[2024-03-30T18:48:36.479+0000] {taskinstance.py:2193} INFO - Starting attempt 1 of 1
[2024-03-30T18:48:36.501+0000] {taskinstance.py:2217} INFO - Executing <Task(PythonOperator): stream_data_from_api> on 2024-03-30 18:48:32.986142+00:00
[2024-03-30T18:48:36.562+0000] {standard_task_runner.py:60} INFO - Started process 7046 to run task
[2024-03-30T18:48:36.575+0000] {standard_task_runner.py:87} INFO - Running: ['***', 'tasks', 'run', 'user_ingestion', 'stream_data_from_api', 'manual__2024-03-30T18:48:32.986142+00:00', '--job-id', '63', '--raw', '--subdir', 'DAGS_FOLDER/kafka-streams.py', '--cfg-path', '/tmp/tmp62ivtpp_']
[2024-03-30T18:48:36.585+0000] {standard_task_runner.py:88} INFO - Job 63: Subtask stream_data_from_api
[2024-03-30T18:48:36.774+0000] {task_command.py:423} INFO - Running <TaskInstance: user_ingestion.stream_data_from_api manual__2024-03-30T18:48:32.986142+00:00 [running]> on host fd056ae37eea
[2024-03-30T18:48:36.909+0000] {taskinstance.py:2513} INFO - Exporting env vars: AIRFLOW_CTX_DAG_OWNER='svc' AIRFLOW_CTX_DAG_ID='user_ingestion' AIRFLOW_CTX_TASK_ID='stream_data_from_api' AIRFLOW_CTX_EXECUTION_DATE='2024-03-30T18:48:32.986142+00:00' AIRFLOW_CTX_TRY_NUMBER='1' AIRFLOW_CTX_DAG_RUN_ID='manual__2024-03-30T18:48:32.986142+00:00'
[2024-03-30T18:48:36.982+0000] {conn.py:380} INFO - <BrokerConnection node_id=bootstrap-0 host=kafka:9092 <connecting> [IPv4 ('172.24.0.7', 9092)]>: connecting to kafka:9092 [('172.24.0.7', 9092) IPv4]
[2024-03-30T18:48:36.995+0000] {conn.py:410} INFO - <BrokerConnection node_id=bootstrap-0 host=kafka:9092 <connecting> [IPv4 ('172.24.0.7', 9092)]>: Connection complete.
[2024-03-30T18:48:37.465+0000] {logging_mixin.py:188} INFO - Data Sent!
[2024-03-30T18:48:37.472+0000] {conn.py:380} INFO - <BrokerConnection node_id=1 host=kafka:9092 <connecting> [IPv4 ('172.24.0.7', 9092)]>: connecting to kafka:9092 [('172.24.0.7', 9092) IPv4]
[2024-03-30T18:48:37.473+0000] {conn.py:410} INFO - <BrokerConnection node_id=1 host=kafka:9092 <connecting> [IPv4 ('172.24.0.7', 9092)]>: Connection complete.
[2024-03-30T18:48:37.474+0000] {conn.py:919} INFO - <BrokerConnection node_id=bootstrap-0 host=kafka:9092 <connected> [IPv4 ('172.24.0.7', 9092)]>: Closing connection. 
[2024-03-30T18:48:37.678+0000] {logging_mixin.py:188} INFO - Data Sent!
[2024-03-30T18:48:37.891+0000] {logging_mixin.py:188} INFO - Data Sent!
[2024-03-30T18:48:38.104+0000] {logging_mixin.py:188} INFO - Data Sent!
[2024-03-30T18:48:38.333+0000] {logging_mixin.py:188} INFO - Data Sent!
[2024-03-30T18:48:38.518+0000] {logging_mixin.py:188} INFO - Data Sent!
[2024-03-30T18:48:38.758+0000] {logging_mixin.py:188} INFO - Data Sent!
[2024-03-30T18:48:39.111+0000] {logging_mixin.py:188} INFO - Data Sent!
[2024-03-30T18:48:39.336+0000] {logging_mixin.py:188} INFO - Data Sent!
[2024-03-30T18:48:40.056+0000] {logging_mixin.py:188} INFO - Data Sent!
[2024-03-30T18:48:40.290+0000] {logging_mixin.py:188} INFO - Data Sent!
[2024-03-30T18:48:40.587+0000] {logging_mixin.py:188} INFO - Data Sent!
[2024-03-30T18:48:40.856+0000] {logging_mixin.py:188} INFO - Data Sent!
[2024-03-30T18:48:41.226+0000] {logging_mixin.py:188} INFO - Data Sent!
[2024-03-30T18:48:41.638+0000] {logging_mixin.py:188} INFO - Data Sent!
[2024-03-30T18:48:42.446+0000] {logging_mixin.py:188} INFO - Data Sent!
[2024-03-30T18:48:42.666+0000] {logging_mixin.py:188} INFO - Data Sent!
[2024-03-30T18:48:42.865+0000] {logging_mixin.py:188} INFO - Data Sent!
[2024-03-30T18:48:43.102+0000] {logging_mixin.py:188} INFO - Data Sent!
[2024-03-30T18:48:43.318+0000] {logging_mixin.py:188} INFO - Data Sent!
[2024-03-30T18:48:43.527+0000] {logging_mixin.py:188} INFO - Data Sent!
[2024-03-30T18:48:43.741+0000] {logging_mixin.py:188} INFO - Data Sent!
[2024-03-30T18:48:44.012+0000] {logging_mixin.py:188} INFO - Data Sent!
[2024-03-30T18:48:44.268+0000] {logging_mixin.py:188} INFO - Data Sent!
[2024-03-30T18:48:44.841+0000] {logging_mixin.py:188} INFO - Data Sent!
[2024-03-30T18:48:45.059+0000] {logging_mixin.py:188} INFO - Data Sent!
[2024-03-30T18:48:45.297+0000] {logging_mixin.py:188} INFO - Data Sent!
[2024-03-30T18:48:45.596+0000] {logging_mixin.py:188} INFO - Data Sent!
[2024-03-30T18:48:45.842+0000] {logging_mixin.py:188} INFO - Data Sent!
[2024-03-30T18:48:46.046+0000] {logging_mixin.py:188} INFO - Data Sent!
[2024-03-30T18:48:46.283+0000] {logging_mixin.py:188} INFO - Data Sent!
[2024-03-30T18:48:46.575+0000] {logging_mixin.py:188} INFO - Data Sent!
[2024-03-30T18:48:46.776+0000] {logging_mixin.py:188} INFO - Data Sent!
[2024-03-30T18:48:47.467+0000] {logging_mixin.py:188} INFO - Data Sent!
[2024-03-30T18:48:47.754+0000] {logging_mixin.py:188} INFO - Data Sent!
[2024-03-30T18:48:48.008+0000] {logging_mixin.py:188} INFO - Data Sent!
[2024-03-30T18:48:48.194+0000] {logging_mixin.py:188} INFO - Data Sent!
[2024-03-30T18:48:48.381+0000] {logging_mixin.py:188} INFO - Data Sent!
[2024-03-30T18:48:48.562+0000] {logging_mixin.py:188} INFO - Data Sent!
[2024-03-30T18:48:48.757+0000] {logging_mixin.py:188} INFO - Data Sent!
[2024-03-30T18:48:48.930+0000] {logging_mixin.py:188} INFO - Data Sent!
[2024-03-30T18:48:49.117+0000] {logging_mixin.py:188} INFO - Data Sent!
[2024-03-30T18:48:49.726+0000] {logging_mixin.py:188} INFO - Data Sent!
[2024-03-30T18:48:49.933+0000] {logging_mixin.py:188} INFO - Data Sent!
[2024-03-30T18:48:50.151+0000] {logging_mixin.py:188} INFO - Data Sent!
[2024-03-30T18:48:50.340+0000] {logging_mixin.py:188} INFO - Data Sent!
[2024-03-30T18:48:50.525+0000] {logging_mixin.py:188} INFO - Data Sent!
[2024-03-30T18:48:50.707+0000] {logging_mixin.py:188} INFO - Data Sent!
[2024-03-30T18:48:50.896+0000] {logging_mixin.py:188} INFO - Data Sent!
[2024-03-30T18:48:51.096+0000] {logging_mixin.py:188} INFO - Data Sent!
[2024-03-30T18:48:51.271+0000] {logging_mixin.py:188} INFO - Data Sent!
[2024-03-30T18:48:51.497+0000] {logging_mixin.py:188} INFO - Data Sent!
[2024-03-30T18:48:51.704+0000] {logging_mixin.py:188} INFO - Data Sent!
[2024-03-30T18:48:53.399+0000] {logging_mixin.py:188} INFO - Data Sent!
[2024-03-30T18:48:53.744+0000] {logging_mixin.py:188} INFO - Data Sent!
[2024-03-30T18:48:53.971+0000] {logging_mixin.py:188} INFO - Data Sent!
[2024-03-30T18:48:54.248+0000] {logging_mixin.py:188} INFO - Data Sent!
[2024-03-30T18:48:54.436+0000] {logging_mixin.py:188} INFO - Data Sent!
[2024-03-30T18:48:55.029+0000] {logging_mixin.py:188} INFO - Data Sent!
[2024-03-30T18:48:55.273+0000] {logging_mixin.py:188} INFO - Data Sent!
[2024-03-30T18:48:55.526+0000] {logging_mixin.py:188} INFO - Data Sent!
[2024-03-30T18:48:55.751+0000] {logging_mixin.py:188} INFO - Data Sent!
[2024-03-30T18:48:56.227+0000] {logging_mixin.py:188} INFO - Data Sent!
[2024-03-30T18:48:56.444+0000] {logging_mixin.py:188} INFO - Data Sent!
[2024-03-30T18:48:56.646+0000] {logging_mixin.py:188} INFO - Data Sent!
[2024-03-30T18:48:56.862+0000] {logging_mixin.py:188} INFO - Data Sent!
[2024-03-30T18:48:57.058+0000] {logging_mixin.py:188} INFO - Data Sent!
[2024-03-30T18:48:57.254+0000] {logging_mixin.py:188} INFO - Data Sent!
[2024-03-30T18:48:57.439+0000] {logging_mixin.py:188} INFO - Data Sent!
[2024-03-30T18:48:57.865+0000] {logging_mixin.py:188} INFO - Data Sent!
[2024-03-30T18:48:58.071+0000] {logging_mixin.py:188} INFO - Data Sent!
[2024-03-30T18:48:58.284+0000] {logging_mixin.py:188} INFO - Data Sent!
[2024-03-30T18:48:58.636+0000] {logging_mixin.py:188} INFO - Data Sent!
[2024-03-30T18:49:00.581+0000] {logging_mixin.py:188} INFO - Data Sent!
[2024-03-30T18:49:06.991+0000] {logging_mixin.py:188} INFO - Data Sent!
[2024-03-30T18:49:07.265+0000] {logging_mixin.py:188} INFO - Data Sent!
[2024-03-30T18:49:07.489+0000] {logging_mixin.py:188} INFO - Data Sent!
[2024-03-30T18:49:07.667+0000] {logging_mixin.py:188} INFO - Data Sent!
[2024-03-30T18:49:08.031+0000] {logging_mixin.py:188} INFO - Data Sent!
[2024-03-30T18:49:08.252+0000] {logging_mixin.py:188} INFO - Data Sent!
[2024-03-30T18:49:08.441+0000] {logging_mixin.py:188} INFO - Data Sent!
[2024-03-30T18:49:08.634+0000] {logging_mixin.py:188} INFO - Data Sent!
[2024-03-30T18:49:08.789+0000] {logging_mixin.py:188} INFO - Data Sent!
[2024-03-30T18:49:09.717+0000] {logging_mixin.py:188} INFO - Data Sent!
[2024-03-30T18:49:09.937+0000] {logging_mixin.py:188} INFO - Data Sent!
[2024-03-30T18:49:10.190+0000] {logging_mixin.py:188} INFO - Data Sent!
[2024-03-30T18:49:10.380+0000] {logging_mixin.py:188} INFO - Data Sent!
[2024-03-30T18:49:10.544+0000] {logging_mixin.py:188} INFO - Data Sent!
[2024-03-30T18:49:10.757+0000] {logging_mixin.py:188} INFO - Data Sent!
[2024-03-30T18:49:10.944+0000] {logging_mixin.py:188} INFO - Data Sent!
[2024-03-30T18:49:11.136+0000] {logging_mixin.py:188} INFO - Data Sent!
[2024-03-30T18:49:11.304+0000] {logging_mixin.py:188} INFO - Data Sent!
[2024-03-30T18:49:11.500+0000] {logging_mixin.py:188} INFO - Data Sent!
[2024-03-30T18:49:11.747+0000] {logging_mixin.py:188} INFO - Data Sent!
[2024-03-30T18:49:12.223+0000] {logging_mixin.py:188} INFO - Data Sent!
[2024-03-30T18:49:12.429+0000] {logging_mixin.py:188} INFO - Data Sent!
[2024-03-30T18:49:12.644+0000] {logging_mixin.py:188} INFO - Data Sent!
[2024-03-30T18:49:12.844+0000] {logging_mixin.py:188} INFO - Data Sent!
[2024-03-30T18:49:13.035+0000] {logging_mixin.py:188} INFO - Data Sent!
[2024-03-30T18:49:13.283+0000] {logging_mixin.py:188} INFO - Data Sent!
[2024-03-30T18:49:13.459+0000] {logging_mixin.py:188} INFO - Data Sent!
[2024-03-30T18:49:13.675+0000] {logging_mixin.py:188} INFO - Data Sent!
[2024-03-30T18:49:14.061+0000] {logging_mixin.py:188} INFO - Data Sent!
[2024-03-30T18:49:14.301+0000] {logging_mixin.py:188} INFO - Data Sent!
[2024-03-30T18:49:14.877+0000] {logging_mixin.py:188} INFO - Data Sent!
[2024-03-30T18:49:15.068+0000] {logging_mixin.py:188} INFO - Data Sent!
[2024-03-30T18:49:15.304+0000] {logging_mixin.py:188} INFO - Data Sent!
[2024-03-30T18:49:15.539+0000] {logging_mixin.py:188} INFO - Data Sent!
[2024-03-30T18:49:15.741+0000] {logging_mixin.py:188} INFO - Data Sent!
[2024-03-30T18:49:15.916+0000] {logging_mixin.py:188} INFO - Data Sent!
[2024-03-30T18:49:16.095+0000] {logging_mixin.py:188} INFO - Data Sent!
[2024-03-30T18:49:16.285+0000] {logging_mixin.py:188} INFO - Data Sent!
[2024-03-30T18:49:16.509+0000] {logging_mixin.py:188} INFO - Data Sent!
[2024-03-30T18:49:16.716+0000] {logging_mixin.py:188} INFO - Data Sent!
[2024-03-30T18:49:16.897+0000] {logging_mixin.py:188} INFO - Data Sent!
[2024-03-30T18:49:17.086+0000] {logging_mixin.py:188} INFO - Data Sent!
[2024-03-30T18:49:17.263+0000] {logging_mixin.py:188} INFO - Data Sent!
[2024-03-30T18:49:17.444+0000] {logging_mixin.py:188} INFO - Data Sent!
[2024-03-30T18:49:17.953+0000] {logging_mixin.py:188} INFO - Data Sent!
[2024-03-30T18:49:18.327+0000] {logging_mixin.py:188} INFO - Data Sent!
[2024-03-30T18:49:18.599+0000] {logging_mixin.py:188} INFO - Data Sent!
[2024-03-30T18:49:18.783+0000] {logging_mixin.py:188} INFO - Data Sent!
[2024-03-30T18:49:19.004+0000] {logging_mixin.py:188} INFO - Data Sent!
[2024-03-30T18:49:19.193+0000] {logging_mixin.py:188} INFO - Data Sent!
[2024-03-30T18:49:19.411+0000] {logging_mixin.py:188} INFO - Data Sent!
[2024-03-30T18:49:19.585+0000] {logging_mixin.py:188} INFO - Data Sent!
[2024-03-30T18:49:19.869+0000] {logging_mixin.py:188} INFO - Data Sent!
[2024-03-30T18:49:20.050+0000] {logging_mixin.py:188} INFO - Data Sent!
[2024-03-30T18:49:20.275+0000] {logging_mixin.py:188} INFO - Data Sent!
[2024-03-30T18:49:20.820+0000] {logging_mixin.py:188} INFO - Data Sent!
[2024-03-30T18:49:21.051+0000] {logging_mixin.py:188} INFO - Data Sent!
[2024-03-30T18:49:21.292+0000] {logging_mixin.py:188} INFO - Data Sent!
[2024-03-30T18:49:21.474+0000] {logging_mixin.py:188} INFO - Data Sent!
[2024-03-30T18:49:21.669+0000] {logging_mixin.py:188} INFO - Data Sent!
[2024-03-30T18:49:21.891+0000] {logging_mixin.py:188} INFO - Data Sent!
[2024-03-30T18:49:22.291+0000] {logging_mixin.py:188} INFO - Data Sent!
[2024-03-30T18:49:22.519+0000] {logging_mixin.py:188} INFO - Data Sent!
[2024-03-30T18:49:22.788+0000] {logging_mixin.py:188} INFO - Data Sent!
[2024-03-30T18:49:22.976+0000] {logging_mixin.py:188} INFO - Data Sent!
[2024-03-30T18:49:23.191+0000] {logging_mixin.py:188} INFO - Data Sent!
[2024-03-30T18:49:23.380+0000] {logging_mixin.py:188} INFO - Data Sent!
[2024-03-30T18:49:23.589+0000] {logging_mixin.py:188} INFO - Data Sent!
[2024-03-30T18:49:23.883+0000] {logging_mixin.py:188} INFO - Data Sent!
[2024-03-30T18:49:24.078+0000] {logging_mixin.py:188} INFO - Data Sent!
[2024-03-30T18:49:24.257+0000] {logging_mixin.py:188} INFO - Data Sent!
[2024-03-30T18:49:24.453+0000] {logging_mixin.py:188} INFO - Data Sent!
[2024-03-30T18:49:24.628+0000] {logging_mixin.py:188} INFO - Data Sent!
[2024-03-30T18:49:24.825+0000] {logging_mixin.py:188} INFO - Data Sent!
[2024-03-30T18:49:25.009+0000] {logging_mixin.py:188} INFO - Data Sent!
[2024-03-30T18:49:25.202+0000] {logging_mixin.py:188} INFO - Data Sent!
[2024-03-30T18:49:25.389+0000] {logging_mixin.py:188} INFO - Data Sent!
[2024-03-30T18:49:25.569+0000] {logging_mixin.py:188} INFO - Data Sent!
[2024-03-30T18:49:25.765+0000] {logging_mixin.py:188} INFO - Data Sent!
[2024-03-30T18:49:26.000+0000] {logging_mixin.py:188} INFO - Data Sent!
[2024-03-30T18:49:26.199+0000] {logging_mixin.py:188} INFO - Data Sent!
[2024-03-30T18:49:26.421+0000] {logging_mixin.py:188} INFO - Data Sent!
[2024-03-30T18:49:26.872+0000] {logging_mixin.py:188} INFO - Data Sent!
[2024-03-30T18:49:27.086+0000] {logging_mixin.py:188} INFO - Data Sent!
[2024-03-30T18:49:27.318+0000] {logging_mixin.py:188} INFO - Data Sent!
[2024-03-30T18:49:27.488+0000] {logging_mixin.py:188} INFO - Data Sent!
[2024-03-30T18:49:27.753+0000] {logging_mixin.py:188} INFO - Data Sent!
[2024-03-30T18:49:27.936+0000] {logging_mixin.py:188} INFO - Data Sent!
[2024-03-30T18:49:28.135+0000] {logging_mixin.py:188} INFO - Data Sent!
[2024-03-30T18:49:28.303+0000] {logging_mixin.py:188} INFO - Data Sent!
[2024-03-30T18:49:28.479+0000] {logging_mixin.py:188} INFO - Data Sent!
[2024-03-30T18:49:28.746+0000] {logging_mixin.py:188} INFO - Data Sent!
[2024-03-30T18:49:28.937+0000] {logging_mixin.py:188} INFO - Data Sent!
[2024-03-30T18:49:29.114+0000] {logging_mixin.py:188} INFO - Data Sent!
[2024-03-30T18:49:29.688+0000] {logging_mixin.py:188} INFO - Data Sent!
[2024-03-30T18:49:29.908+0000] {logging_mixin.py:188} INFO - Data Sent!
[2024-03-30T18:49:30.104+0000] {logging_mixin.py:188} INFO - Data Sent!
[2024-03-30T18:49:30.300+0000] {logging_mixin.py:188} INFO - Data Sent!
[2024-03-30T18:49:30.537+0000] {logging_mixin.py:188} INFO - Data Sent!
[2024-03-30T18:49:30.783+0000] {logging_mixin.py:188} INFO - Data Sent!
[2024-03-30T18:49:30.997+0000] {logging_mixin.py:188} INFO - Data Sent!
[2024-03-30T18:49:31.199+0000] {logging_mixin.py:188} INFO - Data Sent!
[2024-03-30T18:49:31.446+0000] {logging_mixin.py:188} INFO - Data Sent!
[2024-03-30T18:49:31.641+0000] {logging_mixin.py:188} INFO - Data Sent!
[2024-03-30T18:49:31.907+0000] {logging_mixin.py:188} INFO - Data Sent!
[2024-03-30T18:49:32.202+0000] {logging_mixin.py:188} INFO - Data Sent!
[2024-03-30T18:49:32.407+0000] {logging_mixin.py:188} INFO - Data Sent!
[2024-03-30T18:49:32.952+0000] {logging_mixin.py:188} INFO - Data Sent!
[2024-03-30T18:49:33.148+0000] {logging_mixin.py:188} INFO - Data Sent!
[2024-03-30T18:49:33.334+0000] {logging_mixin.py:188} INFO - Data Sent!
[2024-03-30T18:49:33.505+0000] {logging_mixin.py:188} INFO - Data Sent!
[2024-03-30T18:49:33.713+0000] {logging_mixin.py:188} INFO - Data Sent!
[2024-03-30T18:49:33.894+0000] {logging_mixin.py:188} INFO - Data Sent!
[2024-03-30T18:49:34.093+0000] {logging_mixin.py:188} INFO - Data Sent!
[2024-03-30T18:49:34.353+0000] {logging_mixin.py:188} INFO - Data Sent!
[2024-03-30T18:49:34.564+0000] {logging_mixin.py:188} INFO - Data Sent!
[2024-03-30T18:49:34.763+0000] {logging_mixin.py:188} INFO - Data Sent!
[2024-03-30T18:49:34.952+0000] {logging_mixin.py:188} INFO - Data Sent!
[2024-03-30T18:49:35.133+0000] {logging_mixin.py:188} INFO - Data Sent!
[2024-03-30T18:49:35.631+0000] {logging_mixin.py:188} INFO - Data Sent!
[2024-03-30T18:49:35.842+0000] {logging_mixin.py:188} INFO - Data Sent!
[2024-03-30T18:49:36.028+0000] {logging_mixin.py:188} INFO - Data Sent!
[2024-03-30T18:49:36.275+0000] {logging_mixin.py:188} INFO - Data Sent!
[2024-03-30T18:49:36.525+0000] {logging_mixin.py:188} INFO - Data Sent!
[2024-03-30T18:49:36.724+0000] {logging_mixin.py:188} INFO - Data Sent!
[2024-03-30T18:49:36.963+0000] {logging_mixin.py:188} INFO - Data Sent!
[2024-03-30T18:49:37.150+0000] {logging_mixin.py:188} INFO - Data Sent!
[2024-03-30T18:49:37.357+0000] {logging_mixin.py:188} INFO - Data Sent!
[2024-03-30T18:49:37.541+0000] {logging_mixin.py:188} INFO - Data Sent!
[2024-03-30T18:49:37.750+0000] {logging_mixin.py:188} INFO - Data Sent!
[2024-03-30T18:49:37.923+0000] {logging_mixin.py:188} INFO - Data Sent!
[2024-03-30T18:49:38.194+0000] {logging_mixin.py:188} INFO - Data Sent!
[2024-03-30T18:49:38.440+0000] {logging_mixin.py:188} INFO - Data Sent!
[2024-03-30T18:49:38.620+0000] {logging_mixin.py:188} INFO - Data Sent!
[2024-03-30T18:49:39.066+0000] {logging_mixin.py:188} INFO - Data Sent!
[2024-03-30T18:49:39.289+0000] {logging_mixin.py:188} INFO - Data Sent!
[2024-03-30T18:49:39.489+0000] {logging_mixin.py:188} INFO - Data Sent!
[2024-03-30T18:49:39.673+0000] {logging_mixin.py:188} INFO - Data Sent!
[2024-03-30T18:49:39.899+0000] {logging_mixin.py:188} INFO - Data Sent!
[2024-03-30T18:49:40.109+0000] {logging_mixin.py:188} INFO - Data Sent!
[2024-03-30T18:49:40.329+0000] {logging_mixin.py:188} INFO - Data Sent!
[2024-03-30T18:49:40.528+0000] {logging_mixin.py:188} INFO - Data Sent!
[2024-03-30T18:49:40.787+0000] {logging_mixin.py:188} INFO - Data Sent!
[2024-03-30T18:49:41.207+0000] {logging_mixin.py:188} INFO - Data Sent!
[2024-03-30T18:49:41.574+0000] {logging_mixin.py:188} INFO - Data Sent!
[2024-03-30T18:49:41.890+0000] {logging_mixin.py:188} INFO - Data Sent!
[2024-03-30T18:49:42.740+0000] {logging_mixin.py:188} INFO - Data Sent!
[2024-03-30T18:49:43.027+0000] {logging_mixin.py:188} INFO - Data Sent!
[2024-03-30T18:49:43.300+0000] {logging_mixin.py:188} INFO - Data Sent!
[2024-03-30T18:49:43.527+0000] {logging_mixin.py:188} INFO - Data Sent!
[2024-03-30T18:49:43.757+0000] {logging_mixin.py:188} INFO - Data Sent!
[2024-03-30T18:49:43.928+0000] {logging_mixin.py:188} INFO - Data Sent!
[2024-03-30T18:49:44.087+0000] {logging_mixin.py:188} INFO - Data Sent!
[2024-03-30T18:49:44.276+0000] {logging_mixin.py:188} INFO - Data Sent!
[2024-03-30T18:49:44.540+0000] {logging_mixin.py:188} INFO - Data Sent!
[2024-03-30T18:49:44.778+0000] {logging_mixin.py:188} INFO - Data Sent!
[2024-03-30T18:49:45.095+0000] {logging_mixin.py:188} INFO - Data Sent!
[2024-03-30T18:49:45.291+0000] {logging_mixin.py:188} INFO - Data Sent!
[2024-03-30T18:49:45.490+0000] {logging_mixin.py:188} INFO - Data Sent!
[2024-03-30T18:49:45.680+0000] {logging_mixin.py:188} INFO - Data Sent!
[2024-03-30T18:49:45.879+0000] {logging_mixin.py:188} INFO - Data Sent!
[2024-03-30T18:49:46.077+0000] {logging_mixin.py:188} INFO - Data Sent!
[2024-03-30T18:49:46.283+0000] {logging_mixin.py:188} INFO - Data Sent!
[2024-03-30T18:49:46.487+0000] {logging_mixin.py:188} INFO - Data Sent!
[2024-03-30T18:49:47.736+0000] {logging_mixin.py:188} INFO - Data Sent!
[2024-03-30T18:49:48.320+0000] {logging_mixin.py:188} INFO - Data Sent!
[2024-03-30T18:49:48.602+0000] {logging_mixin.py:188} INFO - Data Sent!
[2024-03-30T18:49:48.826+0000] {logging_mixin.py:188} INFO - Data Sent!
[2024-03-30T18:49:48.995+0000] {logging_mixin.py:188} INFO - Data Sent!
[2024-03-30T18:49:49.204+0000] {logging_mixin.py:188} INFO - Data Sent!
[2024-03-30T18:49:49.560+0000] {logging_mixin.py:188} INFO - Data Sent!
[2024-03-30T18:49:49.793+0000] {logging_mixin.py:188} INFO - Data Sent!
[2024-03-30T18:49:50.086+0000] {logging_mixin.py:188} INFO - Data Sent!
[2024-03-30T18:49:50.270+0000] {logging_mixin.py:188} INFO - Data Sent!
[2024-03-30T18:49:50.518+0000] {logging_mixin.py:188} INFO - Data Sent!
[2024-03-30T18:49:51.068+0000] {logging_mixin.py:188} INFO - Data Sent!
[2024-03-30T18:49:51.246+0000] {logging_mixin.py:188} INFO - Data Sent!
[2024-03-30T18:49:51.481+0000] {logging_mixin.py:188} INFO - Data Sent!
[2024-03-30T18:49:51.686+0000] {logging_mixin.py:188} INFO - Data Sent!
[2024-03-30T18:49:51.988+0000] {logging_mixin.py:188} INFO - Data Sent!
[2024-03-30T18:49:52.390+0000] {logging_mixin.py:188} INFO - Data Sent!
[2024-03-30T18:49:52.648+0000] {logging_mixin.py:188} INFO - Data Sent!
[2024-03-30T18:49:52.978+0000] {logging_mixin.py:188} INFO - Data Sent!
[2024-03-30T18:49:53.325+0000] {logging_mixin.py:188} INFO - Data Sent!
[2024-03-30T18:49:53.624+0000] {logging_mixin.py:188} INFO - Data Sent!
[2024-03-30T18:49:53.897+0000] {logging_mixin.py:188} INFO - Data Sent!
[2024-03-30T18:49:55.717+0000] {logging_mixin.py:188} INFO - Data Sent!
[2024-03-30T18:49:56.659+0000] {logging_mixin.py:188} INFO - Data Sent!
[2024-03-30T18:49:56.903+0000] {logging_mixin.py:188} INFO - Data Sent!
[2024-03-30T18:49:57.129+0000] {logging_mixin.py:188} INFO - Data Sent!
[2024-03-30T18:49:57.364+0000] {logging_mixin.py:188} INFO - Data Sent!
[2024-03-30T18:49:57.545+0000] {logging_mixin.py:188} INFO - Data Sent!
[2024-03-30T18:49:58.019+0000] {logging_mixin.py:188} INFO - Data Sent!
[2024-03-30T18:49:58.355+0000] {logging_mixin.py:188} INFO - Data Sent!
[2024-03-30T18:49:58.528+0000] {logging_mixin.py:188} INFO - Data Sent!
[2024-03-30T18:49:58.743+0000] {logging_mixin.py:188} INFO - Data Sent!
[2024-03-30T18:49:58.951+0000] {logging_mixin.py:188} INFO - Data Sent!
[2024-03-30T18:49:59.132+0000] {logging_mixin.py:188} INFO - Data Sent!
[2024-03-30T18:49:59.320+0000] {logging_mixin.py:188} INFO - Data Sent!
[2024-03-30T18:49:59.486+0000] {logging_mixin.py:188} INFO - Data Sent!
[2024-03-30T18:49:59.654+0000] {logging_mixin.py:188} INFO - Data Sent!
[2024-03-30T18:49:59.830+0000] {logging_mixin.py:188} INFO - Data Sent!
[2024-03-30T18:50:00.026+0000] {logging_mixin.py:188} INFO - Data Sent!
[2024-03-30T18:50:00.205+0000] {logging_mixin.py:188} INFO - Data Sent!
[2024-03-30T18:50:00.404+0000] {logging_mixin.py:188} INFO - Data Sent!
[2024-03-30T18:50:00.619+0000] {logging_mixin.py:188} INFO - Data Sent!
[2024-03-30T18:50:01.150+0000] {logging_mixin.py:188} INFO - Data Sent!
[2024-03-30T18:50:01.531+0000] {logging_mixin.py:188} INFO - Data Sent!
[2024-03-30T18:50:01.982+0000] {logging_mixin.py:188} INFO - Data Sent!
[2024-03-30T18:50:02.288+0000] {logging_mixin.py:188} INFO - Data Sent!
[2024-03-30T18:50:02.578+0000] {logging_mixin.py:188} INFO - Data Sent!
[2024-03-30T18:50:02.762+0000] {logging_mixin.py:188} INFO - Data Sent!
[2024-03-30T18:50:02.987+0000] {logging_mixin.py:188} INFO - Data Sent!
[2024-03-30T18:50:03.196+0000] {logging_mixin.py:188} INFO - Data Sent!
[2024-03-30T18:50:03.455+0000] {logging_mixin.py:188} INFO - Data Sent!
[2024-03-30T18:50:03.839+0000] {logging_mixin.py:188} INFO - Data Sent!
[2024-03-30T18:50:06.090+0000] {logging_mixin.py:188} INFO - Data Sent!
[2024-03-30T18:50:07.534+0000] {logging_mixin.py:188} INFO - Data Sent!
[2024-03-30T18:50:07.915+0000] {logging_mixin.py:188} INFO - Data Sent!
[2024-03-30T18:50:08.167+0000] {logging_mixin.py:188} INFO - Data Sent!
[2024-03-30T18:50:08.484+0000] {logging_mixin.py:188} INFO - Data Sent!
[2024-03-30T18:50:08.975+0000] {logging_mixin.py:188} INFO - Data Sent!
[2024-03-30T18:50:09.223+0000] {logging_mixin.py:188} INFO - Data Sent!
[2024-03-30T18:50:09.406+0000] {logging_mixin.py:188} INFO - Data Sent!
[2024-03-30T18:50:09.578+0000] {logging_mixin.py:188} INFO - Data Sent!
[2024-03-30T18:50:09.750+0000] {logging_mixin.py:188} INFO - Data Sent!
[2024-03-30T18:50:09.921+0000] {logging_mixin.py:188} INFO - Data Sent!
[2024-03-30T18:50:10.124+0000] {logging_mixin.py:188} INFO - Data Sent!
[2024-03-30T18:50:10.318+0000] {logging_mixin.py:188} INFO - Data Sent!
[2024-03-30T18:50:10.500+0000] {logging_mixin.py:188} INFO - Data Sent!
[2024-03-30T18:50:10.690+0000] {logging_mixin.py:188} INFO - Data Sent!
[2024-03-30T18:50:10.905+0000] {logging_mixin.py:188} INFO - Data Sent!
[2024-03-30T18:50:11.248+0000] {logging_mixin.py:188} INFO - Data Sent!
[2024-03-30T18:50:11.431+0000] {logging_mixin.py:188} INFO - Data Sent!
[2024-03-30T18:50:11.606+0000] {logging_mixin.py:188} INFO - Data Sent!
[2024-03-30T18:50:11.783+0000] {logging_mixin.py:188} INFO - Data Sent!
[2024-03-30T18:50:12.412+0000] {logging_mixin.py:188} INFO - Data Sent!
[2024-03-30T18:50:12.710+0000] {logging_mixin.py:188} INFO - Data Sent!
[2024-03-30T18:50:12.917+0000] {logging_mixin.py:188} INFO - Data Sent!
[2024-03-30T18:50:13.192+0000] {logging_mixin.py:188} INFO - Data Sent!
[2024-03-30T18:50:13.409+0000] {logging_mixin.py:188} INFO - Data Sent!
[2024-03-30T18:50:13.633+0000] {logging_mixin.py:188} INFO - Data Sent!
[2024-03-30T18:50:13.844+0000] {logging_mixin.py:188} INFO - Data Sent!
[2024-03-30T18:50:14.095+0000] {logging_mixin.py:188} INFO - Data Sent!
[2024-03-30T18:50:15.593+0000] {logging_mixin.py:188} INFO - Data Sent!
[2024-03-30T18:50:15.822+0000] {logging_mixin.py:188} INFO - Data Sent!
[2024-03-30T18:50:16.014+0000] {logging_mixin.py:188} INFO - Data Sent!
[2024-03-30T18:50:16.208+0000] {logging_mixin.py:188} INFO - Data Sent!
[2024-03-30T18:50:16.408+0000] {logging_mixin.py:188} INFO - Data Sent!
[2024-03-30T18:50:16.610+0000] {logging_mixin.py:188} INFO - Data Sent!
[2024-03-30T18:50:16.802+0000] {logging_mixin.py:188} INFO - Data Sent!
[2024-03-30T18:50:16.981+0000] {logging_mixin.py:188} INFO - Data Sent!
[2024-03-30T18:50:17.176+0000] {logging_mixin.py:188} INFO - Data Sent!
[2024-03-30T18:50:17.404+0000] {logging_mixin.py:188} INFO - Data Sent!
[2024-03-30T18:50:17.601+0000] {logging_mixin.py:188} INFO - Data Sent!
[2024-03-30T18:50:17.806+0000] {logging_mixin.py:188} INFO - Data Sent!
[2024-03-30T18:50:17.994+0000] {logging_mixin.py:188} INFO - Data Sent!
[2024-03-30T18:50:18.180+0000] {logging_mixin.py:188} INFO - Data Sent!
[2024-03-30T18:50:19.305+0000] {logging_mixin.py:188} INFO - Data Sent!
[2024-03-30T18:50:19.932+0000] {logging_mixin.py:188} INFO - Data Sent!
[2024-03-30T18:50:20.184+0000] {logging_mixin.py:188} INFO - Data Sent!
[2024-03-30T18:50:20.398+0000] {logging_mixin.py:188} INFO - Data Sent!
[2024-03-30T18:50:20.646+0000] {logging_mixin.py:188} INFO - Data Sent!
[2024-03-30T18:50:20.896+0000] {logging_mixin.py:188} INFO - Data Sent!
[2024-03-30T18:50:21.230+0000] {logging_mixin.py:188} INFO - Data Sent!
[2024-03-30T18:50:21.498+0000] {logging_mixin.py:188} INFO - Data Sent!
[2024-03-30T18:50:21.742+0000] {logging_mixin.py:188} INFO - Data Sent!
[2024-03-30T18:50:22.227+0000] {logging_mixin.py:188} INFO - Data Sent!
[2024-03-30T18:50:22.905+0000] {logging_mixin.py:188} INFO - Data Sent!
[2024-03-30T18:50:23.576+0000] {logging_mixin.py:188} INFO - Data Sent!
[2024-03-30T18:50:23.997+0000] {logging_mixin.py:188} INFO - Data Sent!
[2024-03-30T18:50:24.306+0000] {logging_mixin.py:188} INFO - Data Sent!
[2024-03-30T18:50:24.576+0000] {logging_mixin.py:188} INFO - Data Sent!
[2024-03-30T18:50:24.868+0000] {logging_mixin.py:188} INFO - Data Sent!
[2024-03-30T18:50:25.185+0000] {logging_mixin.py:188} INFO - Data Sent!
[2024-03-30T18:50:26.252+0000] {logging_mixin.py:188} INFO - Data Sent!
[2024-03-30T18:50:26.576+0000] {logging_mixin.py:188} INFO - Data Sent!
[2024-03-30T18:50:26.841+0000] {logging_mixin.py:188} INFO - Data Sent!
[2024-03-30T18:50:27.369+0000] {logging_mixin.py:188} INFO - Data Sent!
[2024-03-30T18:50:27.995+0000] {logging_mixin.py:188} INFO - Data Sent!
[2024-03-30T18:50:28.844+0000] {logging_mixin.py:188} INFO - Data Sent!
[2024-03-30T18:50:29.211+0000] {logging_mixin.py:188} INFO - Data Sent!
[2024-03-30T18:50:30.026+0000] {logging_mixin.py:188} INFO - Data Sent!
[2024-03-30T18:50:30.441+0000] {logging_mixin.py:188} INFO - Data Sent!
[2024-03-30T18:50:30.765+0000] {logging_mixin.py:188} INFO - Data Sent!
[2024-03-30T18:50:31.039+0000] {logging_mixin.py:188} INFO - Data Sent!
[2024-03-30T18:50:31.322+0000] {logging_mixin.py:188} INFO - Data Sent!
[2024-03-30T18:50:31.607+0000] {logging_mixin.py:188} INFO - Data Sent!
[2024-03-30T18:50:32.247+0000] {logging_mixin.py:188} INFO - Data Sent!
[2024-03-30T18:50:32.577+0000] {logging_mixin.py:188} INFO - Data Sent!
[2024-03-30T18:50:32.907+0000] {logging_mixin.py:188} INFO - Data Sent!
[2024-03-30T18:50:33.203+0000] {logging_mixin.py:188} INFO - Data Sent!
[2024-03-30T18:50:33.387+0000] {logging_mixin.py:188} INFO - Data Sent!
[2024-03-30T18:50:33.602+0000] {logging_mixin.py:188} INFO - Data Sent!
[2024-03-30T18:50:33.822+0000] {logging_mixin.py:188} INFO - Data Sent!
[2024-03-30T18:50:34.012+0000] {logging_mixin.py:188} INFO - Data Sent!
[2024-03-30T18:50:34.215+0000] {logging_mixin.py:188} INFO - Data Sent!
[2024-03-30T18:50:34.455+0000] {logging_mixin.py:188} INFO - Data Sent!
[2024-03-30T18:50:34.962+0000] {logging_mixin.py:188} INFO - Data Sent!
[2024-03-30T18:50:35.195+0000] {logging_mixin.py:188} INFO - Data Sent!
[2024-03-30T18:50:35.419+0000] {logging_mixin.py:188} INFO - Data Sent!
[2024-03-30T18:50:35.646+0000] {logging_mixin.py:188} INFO - Data Sent!
[2024-03-30T18:50:35.871+0000] {logging_mixin.py:188} INFO - Data Sent!
[2024-03-30T18:50:36.093+0000] {logging_mixin.py:188} INFO - Data Sent!
[2024-03-30T18:50:36.315+0000] {logging_mixin.py:188} INFO - Data Sent!
[2024-03-30T18:50:36.565+0000] {logging_mixin.py:188} INFO - Data Sent!
[2024-03-30T18:50:36.768+0000] {logging_mixin.py:188} INFO - Data Sent!
[2024-03-30T18:50:36.954+0000] {logging_mixin.py:188} INFO - Data Sent!
[2024-03-30T18:50:36.979+0000] {conn.py:919} INFO - <BrokerConnection node_id=1 host=kafka:9092 <connected> [IPv4 ('172.24.0.7', 9092)]>: Closing connection. 
[2024-03-30T18:50:36.994+0000] {python.py:202} INFO - Done. Returned value was: None
[2024-03-30T18:50:37.670+0000] {taskinstance.py:1149} INFO - Marking task as SUCCESS. dag_id=user_ingestion, task_id=stream_data_from_api, execution_date=20240330T184832, start_date=20240330T184836, end_date=20240330T185037
[2024-03-30T18:50:38.607+0000] {local_task_job_runner.py:234} INFO - Task exited with return code 0
[2024-03-30T18:50:39.030+0000] {taskinstance.py:3312} INFO - 0 downstream tasks scheduled from follow-on schedule check
