[2024-03-30T00:14:17.010+0000] {taskinstance.py:1979} INFO - Dependencies all met for dep_context=non-requeueable deps ti=<TaskInstance: user_ingestion_v2.stream_data_from_api manual__2024-03-30T00:14:13.686442+00:00 [queued]>
[2024-03-30T00:14:17.037+0000] {taskinstance.py:1979} INFO - Dependencies all met for dep_context=requeueable deps ti=<TaskInstance: user_ingestion_v2.stream_data_from_api manual__2024-03-30T00:14:13.686442+00:00 [queued]>
[2024-03-30T00:14:17.038+0000] {taskinstance.py:2193} INFO - Starting attempt 1 of 1
[2024-03-30T00:14:17.087+0000] {taskinstance.py:2217} INFO - Executing <Task(PythonOperator): stream_data_from_api> on 2024-03-30 00:14:13.686442+00:00
[2024-03-30T00:14:17.128+0000] {standard_task_runner.py:60} INFO - Started process 1300 to run task
[2024-03-30T00:14:17.188+0000] {standard_task_runner.py:87} INFO - Running: ['***', 'tasks', 'run', 'user_ingestion_v2', 'stream_data_from_api', 'manual__2024-03-30T00:14:13.686442+00:00', '--job-id', '62', '--raw', '--subdir', 'DAGS_FOLDER/kafka-streams.py', '--cfg-path', '/tmp/tmpwqstkkpn']
[2024-03-30T00:14:17.225+0000] {standard_task_runner.py:88} INFO - Job 62: Subtask stream_data_from_api
[2024-03-30T00:14:17.358+0000] {task_command.py:423} INFO - Running <TaskInstance: user_ingestion_v2.stream_data_from_api manual__2024-03-30T00:14:13.686442+00:00 [running]> on host fd056ae37eea
[2024-03-30T00:14:17.571+0000] {taskinstance.py:2513} INFO - Exporting env vars: AIRFLOW_CTX_DAG_OWNER='svc' AIRFLOW_CTX_DAG_ID='user_ingestion_v2' AIRFLOW_CTX_TASK_ID='stream_data_from_api' AIRFLOW_CTX_EXECUTION_DATE='2024-03-30T00:14:13.686442+00:00' AIRFLOW_CTX_TRY_NUMBER='1' AIRFLOW_CTX_DAG_RUN_ID='manual__2024-03-30T00:14:13.686442+00:00'
[2024-03-30T00:14:17.675+0000] {conn.py:380} INFO - <BrokerConnection node_id=bootstrap-0 host=kafka:9092 <connecting> [IPv4 ('172.24.0.7', 9092)]>: connecting to kafka:9092 [('172.24.0.7', 9092) IPv4]
[2024-03-30T00:14:17.680+0000] {conn.py:410} INFO - <BrokerConnection node_id=bootstrap-0 host=kafka:9092 <connecting> [IPv4 ('172.24.0.7', 9092)]>: Connection complete.
[2024-03-30T00:14:18.118+0000] {logging_mixin.py:188} INFO - Data Sent!
[2024-03-30T00:14:18.121+0000] {conn.py:380} INFO - <BrokerConnection node_id=1 host=kafka:9092 <connecting> [IPv4 ('172.24.0.7', 9092)]>: connecting to kafka:9092 [('172.24.0.7', 9092) IPv4]
[2024-03-30T00:14:18.123+0000] {conn.py:410} INFO - <BrokerConnection node_id=1 host=kafka:9092 <connecting> [IPv4 ('172.24.0.7', 9092)]>: Connection complete.
[2024-03-30T00:14:18.123+0000] {conn.py:919} INFO - <BrokerConnection node_id=bootstrap-0 host=kafka:9092 <connected> [IPv4 ('172.24.0.7', 9092)]>: Closing connection. 
[2024-03-30T00:14:18.357+0000] {logging_mixin.py:188} INFO - Data Sent!
[2024-03-30T00:14:18.565+0000] {logging_mixin.py:188} INFO - Data Sent!
[2024-03-30T00:14:18.810+0000] {logging_mixin.py:188} INFO - Data Sent!
[2024-03-30T00:14:19.002+0000] {logging_mixin.py:188} INFO - Data Sent!
[2024-03-30T00:14:19.249+0000] {logging_mixin.py:188} INFO - Data Sent!
[2024-03-30T00:14:19.706+0000] {logging_mixin.py:188} INFO - Data Sent!
[2024-03-30T00:14:20.098+0000] {logging_mixin.py:188} INFO - Data Sent!
[2024-03-30T00:14:20.709+0000] {logging_mixin.py:188} INFO - Data Sent!
[2024-03-30T00:14:20.987+0000] {logging_mixin.py:188} INFO - Data Sent!
[2024-03-30T00:14:21.515+0000] {logging_mixin.py:188} INFO - Data Sent!
[2024-03-30T00:14:21.832+0000] {logging_mixin.py:188} INFO - Data Sent!
[2024-03-30T00:14:22.105+0000] {logging_mixin.py:188} INFO - Data Sent!
[2024-03-30T00:14:22.338+0000] {logging_mixin.py:188} INFO - Data Sent!
[2024-03-30T00:14:22.633+0000] {logging_mixin.py:188} INFO - Data Sent!
[2024-03-30T00:14:22.913+0000] {logging_mixin.py:188} INFO - Data Sent!
[2024-03-30T00:14:23.217+0000] {logging_mixin.py:188} INFO - Data Sent!
[2024-03-30T00:14:23.534+0000] {logging_mixin.py:188} INFO - Data Sent!
[2024-03-30T00:14:23.836+0000] {logging_mixin.py:188} INFO - Data Sent!
[2024-03-30T00:14:24.095+0000] {logging_mixin.py:188} INFO - Data Sent!
[2024-03-30T00:14:24.428+0000] {logging_mixin.py:188} INFO - Data Sent!
[2024-03-30T00:14:24.752+0000] {logging_mixin.py:188} INFO - Data Sent!
[2024-03-30T00:14:24.976+0000] {logging_mixin.py:188} INFO - Data Sent!
[2024-03-30T00:14:25.312+0000] {logging_mixin.py:188} INFO - Data Sent!
[2024-03-30T00:14:25.712+0000] {logging_mixin.py:188} INFO - Data Sent!
[2024-03-30T00:14:25.976+0000] {logging_mixin.py:188} INFO - Data Sent!
[2024-03-30T00:14:26.200+0000] {logging_mixin.py:188} INFO - Data Sent!
[2024-03-30T00:14:26.472+0000] {logging_mixin.py:188} INFO - Data Sent!
[2024-03-30T00:14:26.858+0000] {logging_mixin.py:188} INFO - Data Sent!
[2024-03-30T00:14:27.117+0000] {logging_mixin.py:188} INFO - Data Sent!
[2024-03-30T00:14:27.393+0000] {logging_mixin.py:188} INFO - Data Sent!
[2024-03-30T00:14:27.638+0000] {logging_mixin.py:188} INFO - Data Sent!
[2024-03-30T00:14:27.994+0000] {logging_mixin.py:188} INFO - Data Sent!
[2024-03-30T00:14:28.386+0000] {logging_mixin.py:188} INFO - Data Sent!
[2024-03-30T00:14:28.632+0000] {logging_mixin.py:188} INFO - Data Sent!
[2024-03-30T00:14:28.924+0000] {logging_mixin.py:188} INFO - Data Sent!
[2024-03-30T00:14:29.390+0000] {logging_mixin.py:188} INFO - Data Sent!
[2024-03-30T00:14:29.624+0000] {logging_mixin.py:188} INFO - Data Sent!
[2024-03-30T00:14:29.898+0000] {logging_mixin.py:188} INFO - Data Sent!
[2024-03-30T00:14:30.106+0000] {logging_mixin.py:188} INFO - Data Sent!
[2024-03-30T00:14:30.337+0000] {logging_mixin.py:188} INFO - Data Sent!
[2024-03-30T00:14:30.611+0000] {logging_mixin.py:188} INFO - Data Sent!
[2024-03-30T00:14:30.838+0000] {logging_mixin.py:188} INFO - Data Sent!
[2024-03-30T00:14:31.121+0000] {logging_mixin.py:188} INFO - Data Sent!
[2024-03-30T00:14:31.340+0000] {logging_mixin.py:188} INFO - Data Sent!
[2024-03-30T00:14:31.839+0000] {logging_mixin.py:188} INFO - Data Sent!
[2024-03-30T00:14:32.105+0000] {logging_mixin.py:188} INFO - Data Sent!
[2024-03-30T00:14:32.369+0000] {logging_mixin.py:188} INFO - Data Sent!
[2024-03-30T00:14:32.604+0000] {logging_mixin.py:188} INFO - Data Sent!
[2024-03-30T00:14:32.821+0000] {logging_mixin.py:188} INFO - Data Sent!
[2024-03-30T00:14:33.173+0000] {logging_mixin.py:188} INFO - Data Sent!
[2024-03-30T00:14:34.423+0000] {logging_mixin.py:188} INFO - Data Sent!
[2024-03-30T00:14:34.700+0000] {logging_mixin.py:188} INFO - Data Sent!
[2024-03-30T00:14:34.977+0000] {logging_mixin.py:188} INFO - Data Sent!
[2024-03-30T00:14:35.189+0000] {logging_mixin.py:188} INFO - Data Sent!
[2024-03-30T00:14:35.536+0000] {logging_mixin.py:188} INFO - Data Sent!
[2024-03-30T00:14:35.849+0000] {logging_mixin.py:188} INFO - Data Sent!
[2024-03-30T00:14:36.173+0000] {logging_mixin.py:188} INFO - Data Sent!
[2024-03-30T00:14:36.471+0000] {logging_mixin.py:188} INFO - Data Sent!
[2024-03-30T00:14:36.723+0000] {logging_mixin.py:188} INFO - Data Sent!
[2024-03-30T00:14:37.035+0000] {logging_mixin.py:188} INFO - Data Sent!
[2024-03-30T00:14:37.296+0000] {logging_mixin.py:188} INFO - Data Sent!
[2024-03-30T00:14:37.500+0000] {logging_mixin.py:188} INFO - Data Sent!
[2024-03-30T00:14:37.730+0000] {logging_mixin.py:188} INFO - Data Sent!
[2024-03-30T00:14:37.951+0000] {logging_mixin.py:188} INFO - Data Sent!
[2024-03-30T00:14:38.168+0000] {logging_mixin.py:188} INFO - Data Sent!
[2024-03-30T00:14:38.441+0000] {logging_mixin.py:188} INFO - Data Sent!
[2024-03-30T00:14:38.731+0000] {logging_mixin.py:188} INFO - Data Sent!
[2024-03-30T00:14:38.976+0000] {logging_mixin.py:188} INFO - Data Sent!
[2024-03-30T00:14:39.246+0000] {logging_mixin.py:188} INFO - Data Sent!
[2024-03-30T00:14:39.498+0000] {logging_mixin.py:188} INFO - Data Sent!
[2024-03-30T00:14:39.876+0000] {logging_mixin.py:188} INFO - Data Sent!
[2024-03-30T00:14:40.146+0000] {logging_mixin.py:188} INFO - Data Sent!
[2024-03-30T00:14:40.500+0000] {logging_mixin.py:188} INFO - Data Sent!
[2024-03-30T00:14:40.826+0000] {logging_mixin.py:188} INFO - Data Sent!
[2024-03-30T00:14:41.047+0000] {logging_mixin.py:188} INFO - Data Sent!
[2024-03-30T00:14:41.251+0000] {logging_mixin.py:188} INFO - Data Sent!
[2024-03-30T00:14:41.455+0000] {logging_mixin.py:188} INFO - Data Sent!
[2024-03-30T00:14:41.749+0000] {logging_mixin.py:188} INFO - Data Sent!
[2024-03-30T00:14:42.004+0000] {logging_mixin.py:188} INFO - Data Sent!
[2024-03-30T00:14:42.196+0000] {logging_mixin.py:188} INFO - Data Sent!
[2024-03-30T00:14:42.452+0000] {logging_mixin.py:188} INFO - Data Sent!
[2024-03-30T00:14:42.717+0000] {logging_mixin.py:188} INFO - Data Sent!
[2024-03-30T00:14:42.971+0000] {logging_mixin.py:188} INFO - Data Sent!
[2024-03-30T00:14:43.186+0000] {logging_mixin.py:188} INFO - Data Sent!
[2024-03-30T00:14:43.441+0000] {logging_mixin.py:188} INFO - Data Sent!
[2024-03-30T00:14:43.678+0000] {logging_mixin.py:188} INFO - Data Sent!
[2024-03-30T00:14:43.931+0000] {logging_mixin.py:188} INFO - Data Sent!
[2024-03-30T00:14:44.167+0000] {logging_mixin.py:188} INFO - Data Sent!
[2024-03-30T00:14:44.457+0000] {logging_mixin.py:188} INFO - Data Sent!
[2024-03-30T00:14:44.707+0000] {logging_mixin.py:188} INFO - Data Sent!
[2024-03-30T00:14:44.936+0000] {logging_mixin.py:188} INFO - Data Sent!
[2024-03-30T00:14:45.181+0000] {logging_mixin.py:188} INFO - Data Sent!
[2024-03-30T00:14:45.437+0000] {logging_mixin.py:188} INFO - Data Sent!
[2024-03-30T00:14:45.730+0000] {logging_mixin.py:188} INFO - Data Sent!
[2024-03-30T00:14:46.117+0000] {logging_mixin.py:188} INFO - Data Sent!
[2024-03-30T00:14:46.461+0000] {logging_mixin.py:188} INFO - Data Sent!
[2024-03-30T00:14:46.737+0000] {logging_mixin.py:188} INFO - Data Sent!
[2024-03-30T00:14:46.985+0000] {logging_mixin.py:188} INFO - Data Sent!
[2024-03-30T00:14:47.398+0000] {logging_mixin.py:188} INFO - Data Sent!
[2024-03-30T00:14:47.932+0000] {logging_mixin.py:188} INFO - Data Sent!
[2024-03-30T00:14:48.264+0000] {logging_mixin.py:188} INFO - Data Sent!
[2024-03-30T00:14:48.591+0000] {logging_mixin.py:188} INFO - Data Sent!
[2024-03-30T00:14:48.811+0000] {logging_mixin.py:188} INFO - Data Sent!
[2024-03-30T00:14:49.140+0000] {logging_mixin.py:188} INFO - Data Sent!
[2024-03-30T00:14:49.379+0000] {logging_mixin.py:188} INFO - Data Sent!
[2024-03-30T00:14:49.631+0000] {logging_mixin.py:188} INFO - Data Sent!
[2024-03-30T00:14:49.973+0000] {logging_mixin.py:188} INFO - Data Sent!
[2024-03-30T00:14:50.215+0000] {logging_mixin.py:188} INFO - Data Sent!
[2024-03-30T00:14:50.438+0000] {logging_mixin.py:188} INFO - Data Sent!
[2024-03-30T00:14:50.688+0000] {logging_mixin.py:188} INFO - Data Sent!
[2024-03-30T00:14:50.899+0000] {logging_mixin.py:188} INFO - Data Sent!
[2024-03-30T00:14:51.151+0000] {logging_mixin.py:188} INFO - Data Sent!
[2024-03-30T00:14:51.344+0000] {logging_mixin.py:188} INFO - Data Sent!
[2024-03-30T00:14:51.522+0000] {logging_mixin.py:188} INFO - Data Sent!
[2024-03-30T00:14:51.757+0000] {logging_mixin.py:188} INFO - Data Sent!
[2024-03-30T00:14:51.932+0000] {logging_mixin.py:188} INFO - Data Sent!
[2024-03-30T00:14:52.186+0000] {logging_mixin.py:188} INFO - Data Sent!
[2024-03-30T00:14:52.415+0000] {logging_mixin.py:188} INFO - Data Sent!
[2024-03-30T00:14:52.723+0000] {logging_mixin.py:188} INFO - Data Sent!
[2024-03-30T00:14:52.943+0000] {logging_mixin.py:188} INFO - Data Sent!
[2024-03-30T00:14:53.180+0000] {logging_mixin.py:188} INFO - Data Sent!
[2024-03-30T00:14:53.416+0000] {logging_mixin.py:188} INFO - Data Sent!
[2024-03-30T00:14:53.613+0000] {logging_mixin.py:188} INFO - Data Sent!
[2024-03-30T00:14:53.832+0000] {logging_mixin.py:188} INFO - Data Sent!
[2024-03-30T00:14:54.012+0000] {logging_mixin.py:188} INFO - Data Sent!
[2024-03-30T00:14:54.193+0000] {logging_mixin.py:188} INFO - Data Sent!
[2024-03-30T00:14:54.361+0000] {logging_mixin.py:188} INFO - Data Sent!
[2024-03-30T00:14:54.565+0000] {logging_mixin.py:188} INFO - Data Sent!
[2024-03-30T00:14:54.805+0000] {logging_mixin.py:188} INFO - Data Sent!
[2024-03-30T00:14:55.053+0000] {logging_mixin.py:188} INFO - Data Sent!
[2024-03-30T00:14:55.260+0000] {logging_mixin.py:188} INFO - Data Sent!
[2024-03-30T00:14:55.463+0000] {logging_mixin.py:188} INFO - Data Sent!
[2024-03-30T00:14:55.713+0000] {logging_mixin.py:188} INFO - Data Sent!
[2024-03-30T00:14:55.921+0000] {logging_mixin.py:188} INFO - Data Sent!
[2024-03-30T00:14:56.101+0000] {logging_mixin.py:188} INFO - Data Sent!
[2024-03-30T00:14:56.292+0000] {logging_mixin.py:188} INFO - Data Sent!
[2024-03-30T00:14:56.522+0000] {logging_mixin.py:188} INFO - Data Sent!
[2024-03-30T00:14:57.739+0000] {logging_mixin.py:188} INFO - Data Sent!
[2024-03-30T00:14:57.939+0000] {logging_mixin.py:188} INFO - Data Sent!
[2024-03-30T00:14:58.107+0000] {logging_mixin.py:188} INFO - Data Sent!
[2024-03-30T00:14:58.279+0000] {logging_mixin.py:188} INFO - Data Sent!
[2024-03-30T00:14:58.462+0000] {logging_mixin.py:188} INFO - Data Sent!
[2024-03-30T00:14:58.664+0000] {logging_mixin.py:188} INFO - Data Sent!
[2024-03-30T00:14:58.877+0000] {logging_mixin.py:188} INFO - Data Sent!
[2024-03-30T00:14:59.087+0000] {logging_mixin.py:188} INFO - Data Sent!
[2024-03-30T00:14:59.388+0000] {logging_mixin.py:188} INFO - Data Sent!
[2024-03-30T00:14:59.631+0000] {logging_mixin.py:188} INFO - Data Sent!
[2024-03-30T00:14:59.931+0000] {logging_mixin.py:188} INFO - Data Sent!
[2024-03-30T00:15:00.224+0000] {logging_mixin.py:188} INFO - Data Sent!
[2024-03-30T00:15:00.569+0000] {logging_mixin.py:188} INFO - Data Sent!
[2024-03-30T00:15:00.833+0000] {logging_mixin.py:188} INFO - Data Sent!
[2024-03-30T00:15:01.119+0000] {logging_mixin.py:188} INFO - Data Sent!
[2024-03-30T00:15:01.392+0000] {logging_mixin.py:188} INFO - Data Sent!
[2024-03-30T00:15:01.644+0000] {logging_mixin.py:188} INFO - Data Sent!
[2024-03-30T00:15:02.550+0000] {logging_mixin.py:188} INFO - Data Sent!
[2024-03-30T00:15:02.780+0000] {logging_mixin.py:188} INFO - Data Sent!
[2024-03-30T00:15:03.037+0000] {logging_mixin.py:188} INFO - Data Sent!
[2024-03-30T00:15:03.266+0000] {logging_mixin.py:188} INFO - Data Sent!
[2024-03-30T00:15:03.492+0000] {logging_mixin.py:188} INFO - Data Sent!
[2024-03-30T00:15:03.782+0000] {logging_mixin.py:188} INFO - Data Sent!
[2024-03-30T00:15:04.050+0000] {logging_mixin.py:188} INFO - Data Sent!
[2024-03-30T00:15:04.531+0000] {logging_mixin.py:188} INFO - Data Sent!
[2024-03-30T00:15:06.650+0000] {logging_mixin.py:188} INFO - Data Sent!
[2024-03-30T00:15:07.041+0000] {logging_mixin.py:188} INFO - Data Sent!
[2024-03-30T00:15:07.310+0000] {logging_mixin.py:188} INFO - Data Sent!
[2024-03-30T00:15:07.556+0000] {logging_mixin.py:188} INFO - Data Sent!
[2024-03-30T00:15:07.773+0000] {logging_mixin.py:188} INFO - Data Sent!
[2024-03-30T00:15:08.138+0000] {logging_mixin.py:188} INFO - Data Sent!
[2024-03-30T00:15:08.403+0000] {logging_mixin.py:188} INFO - Data Sent!
[2024-03-30T00:15:08.660+0000] {logging_mixin.py:188} INFO - Data Sent!
[2024-03-30T00:15:08.870+0000] {logging_mixin.py:188} INFO - Data Sent!
[2024-03-30T00:15:09.068+0000] {logging_mixin.py:188} INFO - Data Sent!
[2024-03-30T00:15:09.337+0000] {logging_mixin.py:188} INFO - Data Sent!
[2024-03-30T00:15:09.551+0000] {logging_mixin.py:188} INFO - Data Sent!
[2024-03-30T00:15:09.730+0000] {logging_mixin.py:188} INFO - Data Sent!
[2024-03-30T00:15:09.945+0000] {logging_mixin.py:188} INFO - Data Sent!
[2024-03-30T00:15:10.124+0000] {logging_mixin.py:188} INFO - Data Sent!
[2024-03-30T00:15:10.341+0000] {logging_mixin.py:188} INFO - Data Sent!
[2024-03-30T00:15:10.621+0000] {logging_mixin.py:188} INFO - Data Sent!
[2024-03-30T00:15:11.975+0000] {logging_mixin.py:188} INFO - Data Sent!
[2024-03-30T00:15:12.282+0000] {logging_mixin.py:188} INFO - Data Sent!
[2024-03-30T00:15:12.482+0000] {logging_mixin.py:188} INFO - Data Sent!
[2024-03-30T00:15:12.703+0000] {logging_mixin.py:188} INFO - Data Sent!
[2024-03-30T00:15:12.903+0000] {logging_mixin.py:188} INFO - Data Sent!
[2024-03-30T00:15:13.113+0000] {logging_mixin.py:188} INFO - Data Sent!
[2024-03-30T00:15:13.313+0000] {logging_mixin.py:188} INFO - Data Sent!
[2024-03-30T00:15:13.502+0000] {logging_mixin.py:188} INFO - Data Sent!
[2024-03-30T00:15:13.724+0000] {logging_mixin.py:188} INFO - Data Sent!
[2024-03-30T00:15:13.976+0000] {logging_mixin.py:188} INFO - Data Sent!
[2024-03-30T00:15:14.192+0000] {logging_mixin.py:188} INFO - Data Sent!
[2024-03-30T00:15:14.473+0000] {logging_mixin.py:188} INFO - Data Sent!
[2024-03-30T00:15:14.720+0000] {logging_mixin.py:188} INFO - Data Sent!
[2024-03-30T00:15:15.353+0000] {logging_mixin.py:188} INFO - Data Sent!
[2024-03-30T00:15:15.635+0000] {logging_mixin.py:188} INFO - Data Sent!
[2024-03-30T00:15:16.029+0000] {logging_mixin.py:188} INFO - Data Sent!
[2024-03-30T00:15:16.294+0000] {logging_mixin.py:188} INFO - Data Sent!
[2024-03-30T00:15:17.042+0000] {logging_mixin.py:188} INFO - Data Sent!
[2024-03-30T00:15:17.423+0000] {logging_mixin.py:188} INFO - Data Sent!
[2024-03-30T00:15:17.699+0000] {logging_mixin.py:188} INFO - Data Sent!
[2024-03-30T00:15:17.956+0000] {logging_mixin.py:188} INFO - Data Sent!
[2024-03-30T00:15:18.203+0000] {logging_mixin.py:188} INFO - Data Sent!
[2024-03-30T00:15:18.433+0000] {logging_mixin.py:188} INFO - Data Sent!
[2024-03-30T00:15:18.777+0000] {logging_mixin.py:188} INFO - Data Sent!
[2024-03-30T00:15:18.996+0000] {logging_mixin.py:188} INFO - Data Sent!
[2024-03-30T00:15:19.223+0000] {logging_mixin.py:188} INFO - Data Sent!
[2024-03-30T00:15:19.495+0000] {logging_mixin.py:188} INFO - Data Sent!
[2024-03-30T00:15:19.737+0000] {logging_mixin.py:188} INFO - Data Sent!
[2024-03-30T00:15:20.717+0000] {logging_mixin.py:188} INFO - Data Sent!
[2024-03-30T00:15:21.043+0000] {logging_mixin.py:188} INFO - Data Sent!
[2024-03-30T00:15:21.261+0000] {logging_mixin.py:188} INFO - Data Sent!
[2024-03-30T00:15:21.966+0000] {logging_mixin.py:188} INFO - Data Sent!
[2024-03-30T00:15:22.330+0000] {logging_mixin.py:188} INFO - Data Sent!
[2024-03-30T00:15:22.553+0000] {logging_mixin.py:188} INFO - Data Sent!
[2024-03-30T00:15:22.768+0000] {logging_mixin.py:188} INFO - Data Sent!
[2024-03-30T00:15:23.022+0000] {logging_mixin.py:188} INFO - Data Sent!
[2024-03-30T00:15:23.230+0000] {logging_mixin.py:188} INFO - Data Sent!
[2024-03-30T00:15:23.416+0000] {logging_mixin.py:188} INFO - Data Sent!
[2024-03-30T00:15:23.678+0000] {logging_mixin.py:188} INFO - Data Sent!
[2024-03-30T00:15:23.885+0000] {logging_mixin.py:188} INFO - Data Sent!
[2024-03-30T00:15:24.051+0000] {logging_mixin.py:188} INFO - Data Sent!
[2024-03-30T00:15:24.259+0000] {logging_mixin.py:188} INFO - Data Sent!
[2024-03-30T00:15:24.551+0000] {logging_mixin.py:188} INFO - Data Sent!
[2024-03-30T00:15:24.750+0000] {logging_mixin.py:188} INFO - Data Sent!
[2024-03-30T00:15:24.914+0000] {logging_mixin.py:188} INFO - Data Sent!
[2024-03-30T00:15:25.079+0000] {logging_mixin.py:188} INFO - Data Sent!
[2024-03-30T00:15:25.288+0000] {logging_mixin.py:188} INFO - Data Sent!
[2024-03-30T00:15:25.582+0000] {logging_mixin.py:188} INFO - Data Sent!
[2024-03-30T00:15:25.800+0000] {logging_mixin.py:188} INFO - Data Sent!
[2024-03-30T00:15:25.983+0000] {logging_mixin.py:188} INFO - Data Sent!
[2024-03-30T00:15:26.175+0000] {logging_mixin.py:188} INFO - Data Sent!
[2024-03-30T00:15:26.333+0000] {logging_mixin.py:188} INFO - Data Sent!
[2024-03-30T00:15:26.517+0000] {logging_mixin.py:188} INFO - Data Sent!
[2024-03-30T00:15:26.699+0000] {logging_mixin.py:188} INFO - Data Sent!
[2024-03-30T00:15:26.890+0000] {logging_mixin.py:188} INFO - Data Sent!
[2024-03-30T00:15:27.096+0000] {logging_mixin.py:188} INFO - Data Sent!
[2024-03-30T00:15:27.260+0000] {logging_mixin.py:188} INFO - Data Sent!
[2024-03-30T00:15:27.454+0000] {logging_mixin.py:188} INFO - Data Sent!
[2024-03-30T00:15:27.645+0000] {logging_mixin.py:188} INFO - Data Sent!
[2024-03-30T00:15:27.878+0000] {logging_mixin.py:188} INFO - Data Sent!
[2024-03-30T00:15:28.066+0000] {logging_mixin.py:188} INFO - Data Sent!
[2024-03-30T00:15:28.278+0000] {logging_mixin.py:188} INFO - Data Sent!
[2024-03-30T00:15:28.505+0000] {logging_mixin.py:188} INFO - Data Sent!
[2024-03-30T00:15:28.676+0000] {logging_mixin.py:188} INFO - Data Sent!
[2024-03-30T00:15:28.951+0000] {logging_mixin.py:188} INFO - Data Sent!
[2024-03-30T00:15:29.186+0000] {logging_mixin.py:188} INFO - Data Sent!
[2024-03-30T00:15:29.348+0000] {logging_mixin.py:188} INFO - Data Sent!
[2024-03-30T00:15:29.562+0000] {logging_mixin.py:188} INFO - Data Sent!
[2024-03-30T00:15:29.758+0000] {logging_mixin.py:188} INFO - Data Sent!
[2024-03-30T00:15:30.129+0000] {logging_mixin.py:188} INFO - Data Sent!
[2024-03-30T00:15:30.302+0000] {logging_mixin.py:188} INFO - Data Sent!
[2024-03-30T00:15:30.482+0000] {logging_mixin.py:188} INFO - Data Sent!
[2024-03-30T00:15:30.680+0000] {logging_mixin.py:188} INFO - Data Sent!
[2024-03-30T00:15:30.867+0000] {logging_mixin.py:188} INFO - Data Sent!
[2024-03-30T00:15:31.068+0000] {logging_mixin.py:188} INFO - Data Sent!
[2024-03-30T00:15:31.260+0000] {logging_mixin.py:188} INFO - Data Sent!
[2024-03-30T00:15:31.446+0000] {logging_mixin.py:188} INFO - Data Sent!
[2024-03-30T00:15:31.600+0000] {logging_mixin.py:188} INFO - Data Sent!
[2024-03-30T00:15:31.785+0000] {logging_mixin.py:188} INFO - Data Sent!
[2024-03-30T00:15:31.965+0000] {logging_mixin.py:188} INFO - Data Sent!
[2024-03-30T00:15:32.194+0000] {logging_mixin.py:188} INFO - Data Sent!
[2024-03-30T00:15:32.424+0000] {logging_mixin.py:188} INFO - Data Sent!
[2024-03-30T00:15:32.644+0000] {logging_mixin.py:188} INFO - Data Sent!
[2024-03-30T00:15:32.880+0000] {logging_mixin.py:188} INFO - Data Sent!
[2024-03-30T00:15:33.121+0000] {logging_mixin.py:188} INFO - Data Sent!
[2024-03-30T00:15:33.424+0000] {logging_mixin.py:188} INFO - Data Sent!
[2024-03-30T00:15:33.752+0000] {logging_mixin.py:188} INFO - Data Sent!
[2024-03-30T00:15:34.128+0000] {logging_mixin.py:188} INFO - Data Sent!
[2024-03-30T00:15:34.395+0000] {logging_mixin.py:188} INFO - Data Sent!
[2024-03-30T00:15:34.747+0000] {logging_mixin.py:188} INFO - Data Sent!
[2024-03-30T00:15:34.974+0000] {logging_mixin.py:188} INFO - Data Sent!
[2024-03-30T00:15:35.274+0000] {logging_mixin.py:188} INFO - Data Sent!
[2024-03-30T00:15:35.513+0000] {logging_mixin.py:188} INFO - Data Sent!
[2024-03-30T00:15:36.125+0000] {logging_mixin.py:188} INFO - Data Sent!
[2024-03-30T00:15:36.345+0000] {logging_mixin.py:188} INFO - Data Sent!
[2024-03-30T00:15:36.600+0000] {logging_mixin.py:188} INFO - Data Sent!
[2024-03-30T00:15:36.983+0000] {logging_mixin.py:188} INFO - Data Sent!
[2024-03-30T00:15:37.495+0000] {logging_mixin.py:188} INFO - Data Sent!
[2024-03-30T00:15:37.784+0000] {logging_mixin.py:188} INFO - Data Sent!
[2024-03-30T00:15:38.233+0000] {logging_mixin.py:188} INFO - Data Sent!
[2024-03-30T00:15:38.543+0000] {logging_mixin.py:188} INFO - Data Sent!
[2024-03-30T00:15:38.742+0000] {logging_mixin.py:188} INFO - Data Sent!
[2024-03-30T00:15:38.974+0000] {logging_mixin.py:188} INFO - Data Sent!
[2024-03-30T00:15:39.252+0000] {logging_mixin.py:188} INFO - Data Sent!
[2024-03-30T00:15:39.451+0000] {logging_mixin.py:188} INFO - Data Sent!
[2024-03-30T00:15:39.641+0000] {logging_mixin.py:188} INFO - Data Sent!
[2024-03-30T00:15:39.823+0000] {logging_mixin.py:188} INFO - Data Sent!
[2024-03-30T00:15:40.055+0000] {logging_mixin.py:188} INFO - Data Sent!
[2024-03-30T00:15:40.309+0000] {logging_mixin.py:188} INFO - Data Sent!
[2024-03-30T00:15:40.640+0000] {logging_mixin.py:188} INFO - Data Sent!
[2024-03-30T00:15:40.837+0000] {logging_mixin.py:188} INFO - Data Sent!
[2024-03-30T00:15:41.014+0000] {logging_mixin.py:188} INFO - Data Sent!
[2024-03-30T00:15:41.214+0000] {logging_mixin.py:188} INFO - Data Sent!
[2024-03-30T00:15:41.512+0000] {logging_mixin.py:188} INFO - Data Sent!
[2024-03-30T00:15:41.748+0000] {logging_mixin.py:188} INFO - Data Sent!
[2024-03-30T00:15:42.015+0000] {logging_mixin.py:188} INFO - Data Sent!
[2024-03-30T00:15:42.691+0000] {logging_mixin.py:188} INFO - Data Sent!
[2024-03-30T00:15:43.650+0000] {logging_mixin.py:188} INFO - Data Sent!
[2024-03-30T00:15:44.884+0000] {logging_mixin.py:188} INFO - Data Sent!
[2024-03-30T00:15:45.066+0000] {logging_mixin.py:188} INFO - Data Sent!
[2024-03-30T00:15:45.249+0000] {logging_mixin.py:188} INFO - Data Sent!
[2024-03-30T00:15:45.459+0000] {logging_mixin.py:188} INFO - Data Sent!
[2024-03-30T00:15:45.756+0000] {logging_mixin.py:188} INFO - Data Sent!
[2024-03-30T00:15:46.100+0000] {logging_mixin.py:188} INFO - Data Sent!
[2024-03-30T00:15:46.350+0000] {logging_mixin.py:188} INFO - Data Sent!
[2024-03-30T00:15:46.599+0000] {logging_mixin.py:188} INFO - Data Sent!
[2024-03-30T00:15:46.823+0000] {logging_mixin.py:188} INFO - Data Sent!
[2024-03-30T00:15:47.006+0000] {logging_mixin.py:188} INFO - Data Sent!
[2024-03-30T00:15:47.245+0000] {logging_mixin.py:188} INFO - Data Sent!
[2024-03-30T00:15:47.526+0000] {logging_mixin.py:188} INFO - Data Sent!
[2024-03-30T00:15:47.822+0000] {logging_mixin.py:188} INFO - Data Sent!
[2024-03-30T00:15:48.222+0000] {logging_mixin.py:188} INFO - Data Sent!
[2024-03-30T00:15:48.502+0000] {logging_mixin.py:188} INFO - Data Sent!
[2024-03-30T00:15:48.826+0000] {logging_mixin.py:188} INFO - Data Sent!
[2024-03-30T00:15:49.079+0000] {logging_mixin.py:188} INFO - Data Sent!
[2024-03-30T00:15:49.342+0000] {logging_mixin.py:188} INFO - Data Sent!
[2024-03-30T00:15:49.517+0000] {logging_mixin.py:188} INFO - Data Sent!
[2024-03-30T00:15:49.834+0000] {logging_mixin.py:188} INFO - Data Sent!
[2024-03-30T00:15:50.091+0000] {logging_mixin.py:188} INFO - Data Sent!
[2024-03-30T00:15:50.296+0000] {logging_mixin.py:188} INFO - Data Sent!
[2024-03-30T00:15:50.524+0000] {logging_mixin.py:188} INFO - Data Sent!
[2024-03-30T00:15:51.842+0000] {logging_mixin.py:188} INFO - Data Sent!
[2024-03-30T00:15:52.024+0000] {logging_mixin.py:188} INFO - Data Sent!
[2024-03-30T00:15:52.243+0000] {logging_mixin.py:188} INFO - Data Sent!
[2024-03-30T00:15:52.450+0000] {logging_mixin.py:188} INFO - Data Sent!
[2024-03-30T00:15:52.711+0000] {logging_mixin.py:188} INFO - Data Sent!
[2024-03-30T00:15:52.969+0000] {logging_mixin.py:188} INFO - Data Sent!
[2024-03-30T00:15:53.233+0000] {logging_mixin.py:188} INFO - Data Sent!
[2024-03-30T00:15:53.459+0000] {logging_mixin.py:188} INFO - Data Sent!
[2024-03-30T00:15:53.692+0000] {logging_mixin.py:188} INFO - Data Sent!
[2024-03-30T00:15:53.910+0000] {logging_mixin.py:188} INFO - Data Sent!
[2024-03-30T00:15:54.121+0000] {logging_mixin.py:188} INFO - Data Sent!
[2024-03-30T00:15:54.314+0000] {logging_mixin.py:188} INFO - Data Sent!
[2024-03-30T00:15:54.525+0000] {logging_mixin.py:188} INFO - Data Sent!
[2024-03-30T00:15:54.778+0000] {logging_mixin.py:188} INFO - Data Sent!
[2024-03-30T00:15:55.028+0000] {logging_mixin.py:188} INFO - Data Sent!
[2024-03-30T00:15:55.182+0000] {logging_mixin.py:188} INFO - Data Sent!
[2024-03-30T00:15:55.352+0000] {logging_mixin.py:188} INFO - Data Sent!
[2024-03-30T00:15:55.643+0000] {logging_mixin.py:188} INFO - Data Sent!
[2024-03-30T00:15:56.083+0000] {logging_mixin.py:188} INFO - Data Sent!
[2024-03-30T00:15:56.351+0000] {logging_mixin.py:188} INFO - Data Sent!
[2024-03-30T00:15:56.649+0000] {logging_mixin.py:188} INFO - Data Sent!
[2024-03-30T00:15:56.904+0000] {logging_mixin.py:188} INFO - Data Sent!
[2024-03-30T00:15:57.167+0000] {logging_mixin.py:188} INFO - Data Sent!
[2024-03-30T00:15:57.437+0000] {logging_mixin.py:188} INFO - Data Sent!
[2024-03-30T00:15:57.669+0000] {logging_mixin.py:188} INFO - Data Sent!
[2024-03-30T00:15:57.994+0000] {logging_mixin.py:188} INFO - Data Sent!
[2024-03-30T00:15:58.183+0000] {logging_mixin.py:188} INFO - Data Sent!
[2024-03-30T00:15:58.404+0000] {logging_mixin.py:188} INFO - Data Sent!
[2024-03-30T00:15:58.648+0000] {logging_mixin.py:188} INFO - Data Sent!
[2024-03-30T00:15:58.874+0000] {logging_mixin.py:188} INFO - Data Sent!
[2024-03-30T00:15:59.085+0000] {logging_mixin.py:188} INFO - Data Sent!
[2024-03-30T00:15:59.287+0000] {logging_mixin.py:188} INFO - Data Sent!
[2024-03-30T00:15:59.508+0000] {logging_mixin.py:188} INFO - Data Sent!
[2024-03-30T00:15:59.796+0000] {logging_mixin.py:188} INFO - Data Sent!
[2024-03-30T00:16:00.020+0000] {logging_mixin.py:188} INFO - Data Sent!
[2024-03-30T00:16:00.233+0000] {logging_mixin.py:188} INFO - Data Sent!
[2024-03-30T00:16:00.440+0000] {logging_mixin.py:188} INFO - Data Sent!
[2024-03-30T00:16:00.642+0000] {logging_mixin.py:188} INFO - Data Sent!
[2024-03-30T00:16:00.959+0000] {logging_mixin.py:188} INFO - Data Sent!
[2024-03-30T00:16:01.163+0000] {logging_mixin.py:188} INFO - Data Sent!
[2024-03-30T00:16:01.439+0000] {logging_mixin.py:188} INFO - Data Sent!
[2024-03-30T00:16:01.690+0000] {logging_mixin.py:188} INFO - Data Sent!
[2024-03-30T00:16:01.900+0000] {logging_mixin.py:188} INFO - Data Sent!
[2024-03-30T00:16:02.150+0000] {logging_mixin.py:188} INFO - Data Sent!
[2024-03-30T00:16:02.314+0000] {logging_mixin.py:188} INFO - Data Sent!
[2024-03-30T00:16:02.526+0000] {logging_mixin.py:188} INFO - Data Sent!
[2024-03-30T00:16:03.046+0000] {logging_mixin.py:188} INFO - Data Sent!
[2024-03-30T00:16:03.311+0000] {logging_mixin.py:188} INFO - Data Sent!
[2024-03-30T00:16:03.761+0000] {logging_mixin.py:188} INFO - Data Sent!
[2024-03-30T00:16:03.972+0000] {logging_mixin.py:188} INFO - Data Sent!
[2024-03-30T00:16:04.188+0000] {logging_mixin.py:188} INFO - Data Sent!
[2024-03-30T00:16:04.431+0000] {logging_mixin.py:188} INFO - Data Sent!
[2024-03-30T00:16:04.666+0000] {logging_mixin.py:188} INFO - Data Sent!
[2024-03-30T00:16:05.011+0000] {logging_mixin.py:188} INFO - Data Sent!
[2024-03-30T00:16:05.321+0000] {logging_mixin.py:188} INFO - Data Sent!
[2024-03-30T00:16:05.571+0000] {logging_mixin.py:188} INFO - Data Sent!
[2024-03-30T00:16:05.925+0000] {logging_mixin.py:188} INFO - Data Sent!
[2024-03-30T00:16:06.139+0000] {logging_mixin.py:188} INFO - Data Sent!
[2024-03-30T00:16:06.372+0000] {logging_mixin.py:188} INFO - Data Sent!
[2024-03-30T00:16:06.560+0000] {logging_mixin.py:188} INFO - Data Sent!
[2024-03-30T00:16:06.787+0000] {logging_mixin.py:188} INFO - Data Sent!
[2024-03-30T00:16:06.993+0000] {logging_mixin.py:188} INFO - Data Sent!
[2024-03-30T00:16:07.203+0000] {logging_mixin.py:188} INFO - Data Sent!
[2024-03-30T00:16:07.530+0000] {logging_mixin.py:188} INFO - Data Sent!
[2024-03-30T00:16:08.575+0000] {logging_mixin.py:188} INFO - Data Sent!
[2024-03-30T00:16:08.910+0000] {logging_mixin.py:188} INFO - Data Sent!
[2024-03-30T00:16:09.109+0000] {logging_mixin.py:188} INFO - Data Sent!
[2024-03-30T00:16:09.310+0000] {logging_mixin.py:188} INFO - Data Sent!
[2024-03-30T00:16:09.471+0000] {logging_mixin.py:188} INFO - Data Sent!
[2024-03-30T00:16:09.707+0000] {logging_mixin.py:188} INFO - Data Sent!
[2024-03-30T00:16:09.871+0000] {logging_mixin.py:188} INFO - Data Sent!
[2024-03-30T00:16:10.093+0000] {logging_mixin.py:188} INFO - Data Sent!
[2024-03-30T00:16:10.250+0000] {logging_mixin.py:188} INFO - Data Sent!
[2024-03-30T00:16:10.406+0000] {logging_mixin.py:188} INFO - Data Sent!
[2024-03-30T00:16:10.588+0000] {logging_mixin.py:188} INFO - Data Sent!
[2024-03-30T00:16:10.780+0000] {logging_mixin.py:188} INFO - Data Sent!
[2024-03-30T00:16:10.962+0000] {logging_mixin.py:188} INFO - Data Sent!
[2024-03-30T00:16:11.156+0000] {logging_mixin.py:188} INFO - Data Sent!
[2024-03-30T00:16:11.322+0000] {logging_mixin.py:188} INFO - Data Sent!
[2024-03-30T00:16:11.542+0000] {logging_mixin.py:188} INFO - Data Sent!
[2024-03-30T00:16:11.706+0000] {logging_mixin.py:188} INFO - Data Sent!
[2024-03-30T00:16:11.897+0000] {logging_mixin.py:188} INFO - Data Sent!
[2024-03-30T00:16:12.063+0000] {logging_mixin.py:188} INFO - Data Sent!
[2024-03-30T00:16:12.285+0000] {logging_mixin.py:188} INFO - Data Sent!
[2024-03-30T00:16:12.530+0000] {logging_mixin.py:188} INFO - Data Sent!
[2024-03-30T00:16:12.769+0000] {logging_mixin.py:188} INFO - Data Sent!
[2024-03-30T00:16:13.232+0000] {logging_mixin.py:188} INFO - Data Sent!
[2024-03-30T00:16:13.651+0000] {logging_mixin.py:188} INFO - Data Sent!
[2024-03-30T00:16:13.889+0000] {logging_mixin.py:188} INFO - Data Sent!
[2024-03-30T00:16:14.158+0000] {logging_mixin.py:188} INFO - Data Sent!
[2024-03-30T00:16:14.374+0000] {logging_mixin.py:188} INFO - Data Sent!
[2024-03-30T00:16:14.578+0000] {logging_mixin.py:188} INFO - Data Sent!
[2024-03-30T00:16:14.746+0000] {logging_mixin.py:188} INFO - Data Sent!
[2024-03-30T00:16:14.960+0000] {logging_mixin.py:188} INFO - Data Sent!
[2024-03-30T00:16:15.143+0000] {logging_mixin.py:188} INFO - Data Sent!
[2024-03-30T00:16:15.313+0000] {logging_mixin.py:188} INFO - Data Sent!
[2024-03-30T00:16:15.544+0000] {logging_mixin.py:188} INFO - Data Sent!
[2024-03-30T00:16:15.835+0000] {logging_mixin.py:188} INFO - Data Sent!
[2024-03-30T00:16:16.065+0000] {logging_mixin.py:188} INFO - Data Sent!
[2024-03-30T00:16:16.253+0000] {logging_mixin.py:188} INFO - Data Sent!
[2024-03-30T00:16:16.539+0000] {logging_mixin.py:188} INFO - Data Sent!
[2024-03-30T00:16:16.726+0000] {logging_mixin.py:188} INFO - Data Sent!
[2024-03-30T00:16:16.907+0000] {logging_mixin.py:188} INFO - Data Sent!
[2024-03-30T00:16:18.195+0000] {logging_mixin.py:188} INFO - Data Sent!
[2024-03-30T00:16:18.208+0000] {conn.py:919} INFO - <BrokerConnection node_id=1 host=kafka:9092 <connected> [IPv4 ('172.24.0.7', 9092)]>: Closing connection. 
[2024-03-30T00:16:18.215+0000] {python.py:202} INFO - Done. Returned value was: None
[2024-03-30T00:16:18.408+0000] {taskinstance.py:1149} INFO - Marking task as SUCCESS. dag_id=user_ingestion_v2, task_id=stream_data_from_api, execution_date=20240330T001413, start_date=20240330T001417, end_date=20240330T001618
[2024-03-30T00:16:18.590+0000] {local_task_job_runner.py:234} INFO - Task exited with return code 0
[2024-03-30T00:16:18.734+0000] {taskinstance.py:3312} INFO - 0 downstream tasks scheduled from follow-on schedule check
