[2024-03-30T00:10:22.558+0000] {taskinstance.py:1979} INFO - Dependencies all met for dep_context=non-requeueable deps ti=<TaskInstance: user_ingestion_v2.stream_data_from_api scheduled__2024-03-29T00:00:00+00:00 [queued]>
[2024-03-30T00:10:22.567+0000] {taskinstance.py:1979} INFO - Dependencies all met for dep_context=requeueable deps ti=<TaskInstance: user_ingestion_v2.stream_data_from_api scheduled__2024-03-29T00:00:00+00:00 [queued]>
[2024-03-30T00:10:22.567+0000] {taskinstance.py:2193} INFO - Starting attempt 1 of 1
[2024-03-30T00:10:22.584+0000] {taskinstance.py:2217} INFO - Executing <Task(PythonOperator): stream_data_from_api> on 2024-03-29 00:00:00+00:00
[2024-03-30T00:10:22.614+0000] {standard_task_runner.py:60} INFO - Started process 1260 to run task
[2024-03-30T00:10:22.629+0000] {standard_task_runner.py:87} INFO - Running: ['***', 'tasks', 'run', 'user_ingestion_v2', 'stream_data_from_api', 'scheduled__2024-03-29T00:00:00+00:00', '--job-id', '60', '--raw', '--subdir', 'DAGS_FOLDER/kafka-streams.py', '--cfg-path', '/tmp/tmphrodypvd']
[2024-03-30T00:10:22.640+0000] {standard_task_runner.py:88} INFO - Job 60: Subtask stream_data_from_api
[2024-03-30T00:10:22.901+0000] {task_command.py:423} INFO - Running <TaskInstance: user_ingestion_v2.stream_data_from_api scheduled__2024-03-29T00:00:00+00:00 [running]> on host fd056ae37eea
[2024-03-30T00:10:23.504+0000] {taskinstance.py:2513} INFO - Exporting env vars: AIRFLOW_CTX_DAG_OWNER='svc' AIRFLOW_CTX_DAG_ID='user_ingestion_v2' AIRFLOW_CTX_TASK_ID='stream_data_from_api' AIRFLOW_CTX_EXECUTION_DATE='2024-03-29T00:00:00+00:00' AIRFLOW_CTX_TRY_NUMBER='1' AIRFLOW_CTX_DAG_RUN_ID='scheduled__2024-03-29T00:00:00+00:00'
[2024-03-30T00:10:23.697+0000] {conn.py:380} INFO - <BrokerConnection node_id=bootstrap-0 host=kafka:9092 <connecting> [IPv4 ('172.24.0.7', 9092)]>: connecting to kafka:9092 [('172.24.0.7', 9092) IPv4]
[2024-03-30T00:10:23.704+0000] {conn.py:410} INFO - <BrokerConnection node_id=bootstrap-0 host=kafka:9092 <connecting> [IPv4 ('172.24.0.7', 9092)]>: Connection complete.
[2024-03-30T00:10:24.363+0000] {logging_mixin.py:188} INFO - Data Sent!
[2024-03-30T00:10:24.375+0000] {conn.py:380} INFO - <BrokerConnection node_id=1 host=kafka:9092 <connecting> [IPv4 ('172.24.0.7', 9092)]>: connecting to kafka:9092 [('172.24.0.7', 9092) IPv4]
[2024-03-30T00:10:24.376+0000] {conn.py:410} INFO - <BrokerConnection node_id=1 host=kafka:9092 <connecting> [IPv4 ('172.24.0.7', 9092)]>: Connection complete.
[2024-03-30T00:10:24.378+0000] {conn.py:919} INFO - <BrokerConnection node_id=bootstrap-0 host=kafka:9092 <connected> [IPv4 ('172.24.0.7', 9092)]>: Closing connection. 
[2024-03-30T00:10:24.636+0000] {logging_mixin.py:188} INFO - Data Sent!
[2024-03-30T00:10:24.883+0000] {logging_mixin.py:188} INFO - Data Sent!
[2024-03-30T00:10:25.236+0000] {logging_mixin.py:188} INFO - Data Sent!
[2024-03-30T00:10:25.442+0000] {logging_mixin.py:188} INFO - Data Sent!
[2024-03-30T00:10:25.679+0000] {logging_mixin.py:188} INFO - Data Sent!
[2024-03-30T00:10:25.978+0000] {logging_mixin.py:188} INFO - Data Sent!
[2024-03-30T00:10:26.301+0000] {logging_mixin.py:188} INFO - Data Sent!
[2024-03-30T00:10:26.614+0000] {logging_mixin.py:188} INFO - Data Sent!
[2024-03-30T00:10:26.939+0000] {logging_mixin.py:188} INFO - Data Sent!
[2024-03-30T00:10:27.318+0000] {logging_mixin.py:188} INFO - Data Sent!
[2024-03-30T00:10:27.670+0000] {logging_mixin.py:188} INFO - Data Sent!
[2024-03-30T00:10:28.173+0000] {logging_mixin.py:188} INFO - Data Sent!
[2024-03-30T00:10:29.057+0000] {logging_mixin.py:188} INFO - Data Sent!
[2024-03-30T00:10:29.516+0000] {logging_mixin.py:188} INFO - Data Sent!
[2024-03-30T00:10:30.153+0000] {logging_mixin.py:188} INFO - Data Sent!
[2024-03-30T00:10:30.496+0000] {logging_mixin.py:188} INFO - Data Sent!
[2024-03-30T00:10:31.162+0000] {logging_mixin.py:188} INFO - Data Sent!
[2024-03-30T00:10:31.872+0000] {logging_mixin.py:188} INFO - Data Sent!
[2024-03-30T00:10:32.192+0000] {logging_mixin.py:188} INFO - Data Sent!
[2024-03-30T00:10:32.764+0000] {logging_mixin.py:188} INFO - Data Sent!
[2024-03-30T00:10:33.256+0000] {logging_mixin.py:188} INFO - Data Sent!
[2024-03-30T00:10:33.552+0000] {logging_mixin.py:188} INFO - Data Sent!
[2024-03-30T00:10:33.840+0000] {logging_mixin.py:188} INFO - Data Sent!
[2024-03-30T00:10:34.172+0000] {logging_mixin.py:188} INFO - Data Sent!
[2024-03-30T00:10:34.467+0000] {logging_mixin.py:188} INFO - Data Sent!
[2024-03-30T00:10:34.649+0000] {logging_mixin.py:188} INFO - Data Sent!
[2024-03-30T00:10:34.929+0000] {logging_mixin.py:188} INFO - Data Sent!
[2024-03-30T00:10:35.267+0000] {logging_mixin.py:188} INFO - Data Sent!
[2024-03-30T00:10:35.523+0000] {logging_mixin.py:188} INFO - Data Sent!
[2024-03-30T00:10:35.783+0000] {logging_mixin.py:188} INFO - Data Sent!
[2024-03-30T00:10:36.107+0000] {logging_mixin.py:188} INFO - Data Sent!
[2024-03-30T00:10:36.400+0000] {logging_mixin.py:188} INFO - Data Sent!
[2024-03-30T00:10:36.634+0000] {logging_mixin.py:188} INFO - Data Sent!
[2024-03-30T00:10:36.980+0000] {logging_mixin.py:188} INFO - Data Sent!
[2024-03-30T00:10:37.317+0000] {logging_mixin.py:188} INFO - Data Sent!
[2024-03-30T00:10:37.627+0000] {logging_mixin.py:188} INFO - Data Sent!
[2024-03-30T00:10:37.976+0000] {logging_mixin.py:188} INFO - Data Sent!
[2024-03-30T00:10:38.287+0000] {logging_mixin.py:188} INFO - Data Sent!
[2024-03-30T00:10:38.643+0000] {logging_mixin.py:188} INFO - Data Sent!
[2024-03-30T00:10:39.157+0000] {logging_mixin.py:188} INFO - Data Sent!
[2024-03-30T00:10:39.572+0000] {logging_mixin.py:188} INFO - Data Sent!
[2024-03-30T00:10:39.931+0000] {logging_mixin.py:188} INFO - Data Sent!
[2024-03-30T00:10:40.182+0000] {logging_mixin.py:188} INFO - Data Sent!
[2024-03-30T00:10:40.467+0000] {logging_mixin.py:188} INFO - Data Sent!
[2024-03-30T00:10:40.893+0000] {logging_mixin.py:188} INFO - Data Sent!
[2024-03-30T00:10:41.233+0000] {logging_mixin.py:188} INFO - Data Sent!
[2024-03-30T00:10:41.429+0000] {logging_mixin.py:188} INFO - Data Sent!
[2024-03-30T00:10:41.704+0000] {logging_mixin.py:188} INFO - Data Sent!
[2024-03-30T00:10:41.904+0000] {logging_mixin.py:188} INFO - Data Sent!
[2024-03-30T00:10:42.130+0000] {logging_mixin.py:188} INFO - Data Sent!
[2024-03-30T00:10:42.461+0000] {logging_mixin.py:188} INFO - Data Sent!
[2024-03-30T00:10:42.821+0000] {logging_mixin.py:188} INFO - Data Sent!
[2024-03-30T00:10:43.202+0000] {logging_mixin.py:188} INFO - Data Sent!
[2024-03-30T00:10:43.407+0000] {logging_mixin.py:188} INFO - Data Sent!
[2024-03-30T00:10:43.669+0000] {logging_mixin.py:188} INFO - Data Sent!
[2024-03-30T00:10:43.937+0000] {logging_mixin.py:188} INFO - Data Sent!
[2024-03-30T00:10:44.229+0000] {logging_mixin.py:188} INFO - Data Sent!
[2024-03-30T00:10:44.468+0000] {logging_mixin.py:188} INFO - Data Sent!
[2024-03-30T00:10:44.722+0000] {logging_mixin.py:188} INFO - Data Sent!
[2024-03-30T00:10:44.958+0000] {logging_mixin.py:188} INFO - Data Sent!
[2024-03-30T00:10:45.200+0000] {logging_mixin.py:188} INFO - Data Sent!
[2024-03-30T00:10:45.406+0000] {logging_mixin.py:188} INFO - Data Sent!
[2024-03-30T00:10:45.703+0000] {logging_mixin.py:188} INFO - Data Sent!
[2024-03-30T00:10:45.951+0000] {logging_mixin.py:188} INFO - Data Sent!
[2024-03-30T00:10:46.142+0000] {logging_mixin.py:188} INFO - Data Sent!
[2024-03-30T00:10:46.399+0000] {logging_mixin.py:188} INFO - Data Sent!
[2024-03-30T00:10:46.627+0000] {logging_mixin.py:188} INFO - Data Sent!
[2024-03-30T00:10:46.977+0000] {logging_mixin.py:188} INFO - Data Sent!
[2024-03-30T00:10:47.210+0000] {logging_mixin.py:188} INFO - Data Sent!
[2024-03-30T00:10:47.406+0000] {logging_mixin.py:188} INFO - Data Sent!
[2024-03-30T00:10:47.675+0000] {logging_mixin.py:188} INFO - Data Sent!
[2024-03-30T00:10:48.088+0000] {logging_mixin.py:188} INFO - Data Sent!
[2024-03-30T00:10:48.375+0000] {logging_mixin.py:188} INFO - Data Sent!
[2024-03-30T00:10:48.561+0000] {logging_mixin.py:188} INFO - Data Sent!
[2024-03-30T00:10:48.787+0000] {logging_mixin.py:188} INFO - Data Sent!
[2024-03-30T00:10:49.021+0000] {logging_mixin.py:188} INFO - Data Sent!
[2024-03-30T00:10:49.214+0000] {logging_mixin.py:188} INFO - Data Sent!
[2024-03-30T00:10:49.443+0000] {logging_mixin.py:188} INFO - Data Sent!
[2024-03-30T00:10:49.640+0000] {logging_mixin.py:188} INFO - Data Sent!
[2024-03-30T00:10:49.841+0000] {logging_mixin.py:188} INFO - Data Sent!
[2024-03-30T00:10:50.069+0000] {logging_mixin.py:188} INFO - Data Sent!
[2024-03-30T00:10:50.262+0000] {logging_mixin.py:188} INFO - Data Sent!
[2024-03-30T00:10:50.461+0000] {logging_mixin.py:188} INFO - Data Sent!
[2024-03-30T00:10:50.719+0000] {logging_mixin.py:188} INFO - Data Sent!
[2024-03-30T00:10:50.981+0000] {logging_mixin.py:188} INFO - Data Sent!
[2024-03-30T00:10:51.245+0000] {logging_mixin.py:188} INFO - Data Sent!
[2024-03-30T00:10:51.432+0000] {logging_mixin.py:188} INFO - Data Sent!
[2024-03-30T00:10:51.642+0000] {logging_mixin.py:188} INFO - Data Sent!
[2024-03-30T00:10:51.887+0000] {logging_mixin.py:188} INFO - Data Sent!
[2024-03-30T00:10:52.145+0000] {logging_mixin.py:188} INFO - Data Sent!
[2024-03-30T00:10:52.367+0000] {logging_mixin.py:188} INFO - Data Sent!
[2024-03-30T00:10:52.639+0000] {logging_mixin.py:188} INFO - Data Sent!
[2024-03-30T00:10:52.862+0000] {logging_mixin.py:188} INFO - Data Sent!
[2024-03-30T00:10:53.083+0000] {logging_mixin.py:188} INFO - Data Sent!
[2024-03-30T00:10:53.333+0000] {logging_mixin.py:188} INFO - Data Sent!
[2024-03-30T00:10:53.590+0000] {logging_mixin.py:188} INFO - Data Sent!
[2024-03-30T00:10:53.808+0000] {logging_mixin.py:188} INFO - Data Sent!
[2024-03-30T00:10:54.071+0000] {logging_mixin.py:188} INFO - Data Sent!
[2024-03-30T00:10:54.271+0000] {logging_mixin.py:188} INFO - Data Sent!
[2024-03-30T00:10:54.514+0000] {logging_mixin.py:188} INFO - Data Sent!
[2024-03-30T00:10:54.952+0000] {logging_mixin.py:188} INFO - Data Sent!
[2024-03-30T00:10:56.590+0000] {logging_mixin.py:188} INFO - Data Sent!
[2024-03-30T00:10:57.031+0000] {logging_mixin.py:188} INFO - Data Sent!
[2024-03-30T00:10:57.308+0000] {logging_mixin.py:188} INFO - Data Sent!
[2024-03-30T00:10:57.536+0000] {logging_mixin.py:188} INFO - Data Sent!
[2024-03-30T00:10:57.751+0000] {logging_mixin.py:188} INFO - Data Sent!
[2024-03-30T00:10:58.033+0000] {logging_mixin.py:188} INFO - Data Sent!
[2024-03-30T00:10:58.351+0000] {logging_mixin.py:188} INFO - Data Sent!
[2024-03-30T00:10:58.677+0000] {logging_mixin.py:188} INFO - Data Sent!
[2024-03-30T00:10:58.950+0000] {logging_mixin.py:188} INFO - Data Sent!
[2024-03-30T00:10:59.174+0000] {logging_mixin.py:188} INFO - Data Sent!
[2024-03-30T00:11:01.045+0000] {logging_mixin.py:188} INFO - Data Sent!
[2024-03-30T00:11:01.667+0000] {logging_mixin.py:188} INFO - Data Sent!
[2024-03-30T00:11:02.181+0000] {logging_mixin.py:188} INFO - Data Sent!
[2024-03-30T00:11:02.436+0000] {logging_mixin.py:188} INFO - Data Sent!
[2024-03-30T00:11:02.693+0000] {logging_mixin.py:188} INFO - Data Sent!
[2024-03-30T00:11:02.982+0000] {logging_mixin.py:188} INFO - Data Sent!
[2024-03-30T00:11:03.540+0000] {logging_mixin.py:188} INFO - Data Sent!
[2024-03-30T00:11:03.771+0000] {logging_mixin.py:188} INFO - Data Sent!
[2024-03-30T00:11:03.971+0000] {logging_mixin.py:188} INFO - Data Sent!
[2024-03-30T00:11:04.170+0000] {logging_mixin.py:188} INFO - Data Sent!
[2024-03-30T00:11:04.456+0000] {logging_mixin.py:188} INFO - Data Sent!
[2024-03-30T00:11:04.716+0000] {logging_mixin.py:188} INFO - Data Sent!
[2024-03-30T00:11:04.971+0000] {logging_mixin.py:188} INFO - Data Sent!
[2024-03-30T00:11:05.226+0000] {logging_mixin.py:188} INFO - Data Sent!
[2024-03-30T00:11:05.482+0000] {logging_mixin.py:188} INFO - Data Sent!
[2024-03-30T00:11:05.669+0000] {logging_mixin.py:188} INFO - Data Sent!
[2024-03-30T00:11:05.874+0000] {logging_mixin.py:188} INFO - Data Sent!
[2024-03-30T00:11:06.123+0000] {logging_mixin.py:188} INFO - Data Sent!
[2024-03-30T00:11:06.322+0000] {logging_mixin.py:188} INFO - Data Sent!
[2024-03-30T00:11:06.529+0000] {logging_mixin.py:188} INFO - Data Sent!
[2024-03-30T00:11:06.743+0000] {logging_mixin.py:188} INFO - Data Sent!
[2024-03-30T00:11:06.952+0000] {logging_mixin.py:188} INFO - Data Sent!
[2024-03-30T00:11:07.230+0000] {logging_mixin.py:188} INFO - Data Sent!
[2024-03-30T00:11:07.497+0000] {logging_mixin.py:188} INFO - Data Sent!
[2024-03-30T00:11:07.701+0000] {logging_mixin.py:188} INFO - Data Sent!
[2024-03-30T00:11:07.908+0000] {logging_mixin.py:188} INFO - Data Sent!
[2024-03-30T00:11:08.121+0000] {logging_mixin.py:188} INFO - Data Sent!
[2024-03-30T00:11:08.649+0000] {logging_mixin.py:188} INFO - Data Sent!
[2024-03-30T00:11:08.913+0000] {logging_mixin.py:188} INFO - Data Sent!
[2024-03-30T00:11:09.110+0000] {logging_mixin.py:188} INFO - Data Sent!
[2024-03-30T00:11:09.315+0000] {logging_mixin.py:188} INFO - Data Sent!
[2024-03-30T00:11:09.559+0000] {logging_mixin.py:188} INFO - Data Sent!
[2024-03-30T00:11:09.769+0000] {logging_mixin.py:188} INFO - Data Sent!
[2024-03-30T00:11:10.073+0000] {logging_mixin.py:188} INFO - Data Sent!
[2024-03-30T00:11:10.298+0000] {logging_mixin.py:188} INFO - Data Sent!
[2024-03-30T00:11:10.521+0000] {logging_mixin.py:188} INFO - Data Sent!
[2024-03-30T00:11:10.788+0000] {logging_mixin.py:188} INFO - Data Sent!
[2024-03-30T00:11:11.148+0000] {logging_mixin.py:188} INFO - Data Sent!
[2024-03-30T00:11:11.441+0000] {logging_mixin.py:188} INFO - Data Sent!
[2024-03-30T00:11:11.658+0000] {logging_mixin.py:188} INFO - Data Sent!
[2024-03-30T00:11:11.857+0000] {logging_mixin.py:188} INFO - Data Sent!
[2024-03-30T00:11:12.085+0000] {logging_mixin.py:188} INFO - Data Sent!
[2024-03-30T00:11:12.336+0000] {logging_mixin.py:188} INFO - Data Sent!
[2024-03-30T00:11:12.522+0000] {logging_mixin.py:188} INFO - Data Sent!
[2024-03-30T00:11:12.729+0000] {logging_mixin.py:188} INFO - Data Sent!
[2024-03-30T00:11:12.966+0000] {logging_mixin.py:188} INFO - Data Sent!
[2024-03-30T00:11:13.180+0000] {logging_mixin.py:188} INFO - Data Sent!
[2024-03-30T00:11:13.817+0000] {logging_mixin.py:188} INFO - Data Sent!
[2024-03-30T00:11:14.099+0000] {logging_mixin.py:188} INFO - Data Sent!
[2024-03-30T00:11:14.324+0000] {logging_mixin.py:188} INFO - Data Sent!
[2024-03-30T00:11:14.532+0000] {logging_mixin.py:188} INFO - Data Sent!
[2024-03-30T00:11:14.761+0000] {logging_mixin.py:188} INFO - Data Sent!
[2024-03-30T00:11:14.992+0000] {logging_mixin.py:188} INFO - Data Sent!
[2024-03-30T00:11:15.248+0000] {logging_mixin.py:188} INFO - Data Sent!
[2024-03-30T00:11:15.475+0000] {logging_mixin.py:188} INFO - Data Sent!
[2024-03-30T00:11:15.698+0000] {logging_mixin.py:188} INFO - Data Sent!
[2024-03-30T00:11:15.928+0000] {logging_mixin.py:188} INFO - Data Sent!
[2024-03-30T00:11:16.178+0000] {logging_mixin.py:188} INFO - Data Sent!
[2024-03-30T00:11:16.482+0000] {logging_mixin.py:188} INFO - Data Sent!
[2024-03-30T00:11:16.712+0000] {logging_mixin.py:188} INFO - Data Sent!
[2024-03-30T00:11:17.001+0000] {logging_mixin.py:188} INFO - Data Sent!
[2024-03-30T00:11:17.245+0000] {logging_mixin.py:188} INFO - Data Sent!
[2024-03-30T00:11:17.531+0000] {logging_mixin.py:188} INFO - Data Sent!
[2024-03-30T00:11:18.026+0000] {logging_mixin.py:188} INFO - Data Sent!
[2024-03-30T00:11:18.319+0000] {logging_mixin.py:188} INFO - Data Sent!
[2024-03-30T00:11:18.678+0000] {logging_mixin.py:188} INFO - Data Sent!
[2024-03-30T00:11:19.577+0000] {logging_mixin.py:188} INFO - Data Sent!
[2024-03-30T00:11:19.966+0000] {logging_mixin.py:188} INFO - Data Sent!
[2024-03-30T00:11:21.026+0000] {logging_mixin.py:188} INFO - Data Sent!
[2024-03-30T00:11:21.311+0000] {logging_mixin.py:188} INFO - Data Sent!
[2024-03-30T00:11:21.587+0000] {logging_mixin.py:188} INFO - Data Sent!
[2024-03-30T00:11:21.803+0000] {logging_mixin.py:188} INFO - Data Sent!
[2024-03-30T00:11:22.066+0000] {logging_mixin.py:188} INFO - Data Sent!
[2024-03-30T00:11:22.270+0000] {logging_mixin.py:188} INFO - Data Sent!
[2024-03-30T00:11:22.484+0000] {logging_mixin.py:188} INFO - Data Sent!
[2024-03-30T00:11:22.721+0000] {logging_mixin.py:188} INFO - Data Sent!
[2024-03-30T00:11:23.004+0000] {logging_mixin.py:188} INFO - Data Sent!
[2024-03-30T00:11:23.225+0000] {logging_mixin.py:188} INFO - Data Sent!
[2024-03-30T00:11:23.534+0000] {logging_mixin.py:188} INFO - Data Sent!
[2024-03-30T00:11:23.756+0000] {logging_mixin.py:188} INFO - Data Sent!
[2024-03-30T00:11:24.012+0000] {logging_mixin.py:188} INFO - Data Sent!
[2024-03-30T00:11:24.235+0000] {logging_mixin.py:188} INFO - Data Sent!
[2024-03-30T00:11:24.464+0000] {logging_mixin.py:188} INFO - Data Sent!
[2024-03-30T00:11:24.746+0000] {logging_mixin.py:188} INFO - Data Sent!
[2024-03-30T00:11:25.151+0000] {logging_mixin.py:188} INFO - Data Sent!
[2024-03-30T00:11:25.515+0000] {logging_mixin.py:188} INFO - Data Sent!
[2024-03-30T00:11:26.378+0000] {logging_mixin.py:188} INFO - Data Sent!
[2024-03-30T00:11:26.872+0000] {logging_mixin.py:188} INFO - Data Sent!
[2024-03-30T00:11:27.122+0000] {logging_mixin.py:188} INFO - Data Sent!
[2024-03-30T00:11:27.492+0000] {logging_mixin.py:188} INFO - Data Sent!
[2024-03-30T00:11:28.208+0000] {logging_mixin.py:188} INFO - Data Sent!
[2024-03-30T00:11:28.545+0000] {logging_mixin.py:188} INFO - Data Sent!
[2024-03-30T00:11:28.967+0000] {logging_mixin.py:188} INFO - Data Sent!
[2024-03-30T00:11:29.618+0000] {logging_mixin.py:188} INFO - Data Sent!
[2024-03-30T00:11:30.055+0000] {logging_mixin.py:188} INFO - Data Sent!
[2024-03-30T00:11:30.692+0000] {logging_mixin.py:188} INFO - Data Sent!
[2024-03-30T00:11:31.022+0000] {logging_mixin.py:188} INFO - Data Sent!
[2024-03-30T00:11:31.307+0000] {logging_mixin.py:188} INFO - Data Sent!
[2024-03-30T00:11:31.837+0000] {logging_mixin.py:188} INFO - Data Sent!
[2024-03-30T00:11:32.120+0000] {logging_mixin.py:188} INFO - Data Sent!
[2024-03-30T00:11:32.344+0000] {logging_mixin.py:188} INFO - Data Sent!
[2024-03-30T00:11:32.781+0000] {logging_mixin.py:188} INFO - Data Sent!
[2024-03-30T00:11:33.096+0000] {logging_mixin.py:188} INFO - Data Sent!
[2024-03-30T00:11:33.442+0000] {logging_mixin.py:188} INFO - Data Sent!
[2024-03-30T00:11:34.372+0000] {logging_mixin.py:188} INFO - Data Sent!
[2024-03-30T00:11:34.846+0000] {logging_mixin.py:188} INFO - Data Sent!
[2024-03-30T00:11:35.213+0000] {logging_mixin.py:188} INFO - Data Sent!
[2024-03-30T00:11:35.523+0000] {logging_mixin.py:188} INFO - Data Sent!
[2024-03-30T00:11:35.813+0000] {logging_mixin.py:188} INFO - Data Sent!
[2024-03-30T00:11:36.112+0000] {logging_mixin.py:188} INFO - Data Sent!
[2024-03-30T00:11:36.420+0000] {logging_mixin.py:188} INFO - Data Sent!
[2024-03-30T00:11:36.650+0000] {logging_mixin.py:188} INFO - Data Sent!
[2024-03-30T00:11:36.946+0000] {logging_mixin.py:188} INFO - Data Sent!
[2024-03-30T00:11:37.167+0000] {logging_mixin.py:188} INFO - Data Sent!
[2024-03-30T00:11:37.372+0000] {logging_mixin.py:188} INFO - Data Sent!
[2024-03-30T00:11:37.598+0000] {logging_mixin.py:188} INFO - Data Sent!
[2024-03-30T00:11:37.798+0000] {logging_mixin.py:188} INFO - Data Sent!
[2024-03-30T00:11:38.078+0000] {logging_mixin.py:188} INFO - Data Sent!
[2024-03-30T00:11:38.362+0000] {logging_mixin.py:188} INFO - Data Sent!
[2024-03-30T00:11:38.770+0000] {logging_mixin.py:188} INFO - Data Sent!
[2024-03-30T00:11:39.244+0000] {logging_mixin.py:188} INFO - Data Sent!
[2024-03-30T00:11:39.490+0000] {logging_mixin.py:188} INFO - Data Sent!
[2024-03-30T00:11:39.747+0000] {logging_mixin.py:188} INFO - Data Sent!
[2024-03-30T00:11:40.056+0000] {logging_mixin.py:188} INFO - Data Sent!
[2024-03-30T00:11:40.277+0000] {logging_mixin.py:188} INFO - Data Sent!
[2024-03-30T00:11:40.554+0000] {logging_mixin.py:188} INFO - Data Sent!
[2024-03-30T00:11:40.942+0000] {logging_mixin.py:188} INFO - Data Sent!
[2024-03-30T00:11:41.295+0000] {logging_mixin.py:188} INFO - Data Sent!
[2024-03-30T00:11:41.751+0000] {logging_mixin.py:188} INFO - Data Sent!
[2024-03-30T00:11:42.126+0000] {logging_mixin.py:188} INFO - Data Sent!
[2024-03-30T00:11:42.625+0000] {logging_mixin.py:188} INFO - Data Sent!
[2024-03-30T00:11:43.265+0000] {logging_mixin.py:188} INFO - Data Sent!
[2024-03-30T00:11:45.935+0000] {logging_mixin.py:188} INFO - Data Sent!
[2024-03-30T00:11:47.973+0000] {logging_mixin.py:188} INFO - Data Sent!
[2024-03-30T00:11:48.540+0000] {logging_mixin.py:188} INFO - Data Sent!
[2024-03-30T00:11:48.843+0000] {logging_mixin.py:188} INFO - Data Sent!
[2024-03-30T00:11:49.135+0000] {logging_mixin.py:188} INFO - Data Sent!
[2024-03-30T00:11:49.390+0000] {logging_mixin.py:188} INFO - Data Sent!
[2024-03-30T00:11:49.604+0000] {logging_mixin.py:188} INFO - Data Sent!
[2024-03-30T00:11:50.157+0000] {logging_mixin.py:188} INFO - Data Sent!
[2024-03-30T00:11:50.386+0000] {logging_mixin.py:188} INFO - Data Sent!
[2024-03-30T00:11:50.691+0000] {logging_mixin.py:188} INFO - Data Sent!
[2024-03-30T00:11:50.897+0000] {logging_mixin.py:188} INFO - Data Sent!
[2024-03-30T00:11:51.205+0000] {logging_mixin.py:188} INFO - Data Sent!
[2024-03-30T00:11:51.787+0000] {logging_mixin.py:188} INFO - Data Sent!
[2024-03-30T00:11:52.086+0000] {logging_mixin.py:188} INFO - Data Sent!
[2024-03-30T00:11:52.377+0000] {logging_mixin.py:188} INFO - Data Sent!
[2024-03-30T00:11:52.655+0000] {logging_mixin.py:188} INFO - Data Sent!
[2024-03-30T00:11:52.882+0000] {logging_mixin.py:188} INFO - Data Sent!
[2024-03-30T00:11:53.198+0000] {logging_mixin.py:188} INFO - Data Sent!
[2024-03-30T00:11:53.528+0000] {logging_mixin.py:188} INFO - Data Sent!
[2024-03-30T00:11:55.843+0000] {logging_mixin.py:188} INFO - Data Sent!
[2024-03-30T00:11:56.175+0000] {logging_mixin.py:188} INFO - Data Sent!
[2024-03-30T00:11:56.546+0000] {logging_mixin.py:188} INFO - Data Sent!
[2024-03-30T00:11:56.775+0000] {logging_mixin.py:188} INFO - Data Sent!
[2024-03-30T00:11:56.995+0000] {logging_mixin.py:188} INFO - Data Sent!
[2024-03-30T00:11:57.223+0000] {logging_mixin.py:188} INFO - Data Sent!
[2024-03-30T00:11:57.522+0000] {logging_mixin.py:188} INFO - Data Sent!
[2024-03-30T00:11:57.790+0000] {logging_mixin.py:188} INFO - Data Sent!
[2024-03-30T00:11:58.028+0000] {logging_mixin.py:188} INFO - Data Sent!
[2024-03-30T00:11:58.265+0000] {logging_mixin.py:188} INFO - Data Sent!
[2024-03-30T00:11:58.551+0000] {logging_mixin.py:188} INFO - Data Sent!
[2024-03-30T00:11:58.785+0000] {logging_mixin.py:188} INFO - Data Sent!
[2024-03-30T00:11:59.043+0000] {logging_mixin.py:188} INFO - Data Sent!
[2024-03-30T00:11:59.336+0000] {logging_mixin.py:188} INFO - Data Sent!
[2024-03-30T00:11:59.731+0000] {logging_mixin.py:188} INFO - Data Sent!
[2024-03-30T00:11:59.935+0000] {logging_mixin.py:188} INFO - Data Sent!
[2024-03-30T00:12:00.162+0000] {logging_mixin.py:188} INFO - Data Sent!
[2024-03-30T00:12:00.458+0000] {logging_mixin.py:188} INFO - Data Sent!
[2024-03-30T00:12:00.761+0000] {logging_mixin.py:188} INFO - Data Sent!
[2024-03-30T00:12:01.047+0000] {logging_mixin.py:188} INFO - Data Sent!
[2024-03-30T00:12:01.290+0000] {logging_mixin.py:188} INFO - Data Sent!
[2024-03-30T00:12:01.519+0000] {logging_mixin.py:188} INFO - Data Sent!
[2024-03-30T00:12:01.845+0000] {logging_mixin.py:188} INFO - Data Sent!
[2024-03-30T00:12:02.123+0000] {logging_mixin.py:188} INFO - Data Sent!
[2024-03-30T00:12:02.401+0000] {logging_mixin.py:188} INFO - Data Sent!
[2024-03-30T00:12:02.614+0000] {logging_mixin.py:188} INFO - Data Sent!
[2024-03-30T00:12:03.462+0000] {logging_mixin.py:188} INFO - Data Sent!
[2024-03-30T00:12:03.783+0000] {logging_mixin.py:188} INFO - Data Sent!
[2024-03-30T00:12:04.003+0000] {logging_mixin.py:188} INFO - Data Sent!
[2024-03-30T00:12:04.200+0000] {logging_mixin.py:188} INFO - Data Sent!
[2024-03-30T00:12:04.398+0000] {logging_mixin.py:188} INFO - Data Sent!
[2024-03-30T00:12:04.604+0000] {logging_mixin.py:188} INFO - Data Sent!
[2024-03-30T00:12:04.824+0000] {logging_mixin.py:188} INFO - Data Sent!
[2024-03-30T00:12:05.209+0000] {logging_mixin.py:188} INFO - Data Sent!
[2024-03-30T00:12:05.397+0000] {logging_mixin.py:188} INFO - Data Sent!
[2024-03-30T00:12:05.677+0000] {logging_mixin.py:188} INFO - Data Sent!
[2024-03-30T00:12:05.910+0000] {logging_mixin.py:188} INFO - Data Sent!
[2024-03-30T00:12:06.147+0000] {logging_mixin.py:188} INFO - Data Sent!
[2024-03-30T00:12:06.346+0000] {logging_mixin.py:188} INFO - Data Sent!
[2024-03-30T00:12:06.573+0000] {logging_mixin.py:188} INFO - Data Sent!
[2024-03-30T00:12:06.808+0000] {logging_mixin.py:188} INFO - Data Sent!
[2024-03-30T00:12:07.037+0000] {logging_mixin.py:188} INFO - Data Sent!
[2024-03-30T00:12:07.253+0000] {logging_mixin.py:188} INFO - Data Sent!
[2024-03-30T00:12:07.471+0000] {logging_mixin.py:188} INFO - Data Sent!
[2024-03-30T00:12:07.673+0000] {logging_mixin.py:188} INFO - Data Sent!
[2024-03-30T00:12:07.877+0000] {logging_mixin.py:188} INFO - Data Sent!
[2024-03-30T00:12:08.073+0000] {logging_mixin.py:188} INFO - Data Sent!
[2024-03-30T00:12:08.296+0000] {logging_mixin.py:188} INFO - Data Sent!
[2024-03-30T00:12:08.497+0000] {logging_mixin.py:188} INFO - Data Sent!
[2024-03-30T00:12:08.700+0000] {logging_mixin.py:188} INFO - Data Sent!
[2024-03-30T00:12:08.919+0000] {logging_mixin.py:188} INFO - Data Sent!
[2024-03-30T00:12:09.104+0000] {logging_mixin.py:188} INFO - Data Sent!
[2024-03-30T00:12:09.304+0000] {logging_mixin.py:188} INFO - Data Sent!
[2024-03-30T00:12:09.506+0000] {logging_mixin.py:188} INFO - Data Sent!
[2024-03-30T00:12:09.721+0000] {logging_mixin.py:188} INFO - Data Sent!
[2024-03-30T00:12:09.938+0000] {logging_mixin.py:188} INFO - Data Sent!
[2024-03-30T00:12:10.162+0000] {logging_mixin.py:188} INFO - Data Sent!
[2024-03-30T00:12:10.500+0000] {logging_mixin.py:188} INFO - Data Sent!
[2024-03-30T00:12:10.733+0000] {logging_mixin.py:188} INFO - Data Sent!
[2024-03-30T00:12:11.036+0000] {logging_mixin.py:188} INFO - Data Sent!
[2024-03-30T00:12:11.317+0000] {logging_mixin.py:188} INFO - Data Sent!
[2024-03-30T00:12:11.509+0000] {logging_mixin.py:188} INFO - Data Sent!
[2024-03-30T00:12:11.707+0000] {logging_mixin.py:188} INFO - Data Sent!
[2024-03-30T00:12:11.920+0000] {logging_mixin.py:188} INFO - Data Sent!
[2024-03-30T00:12:12.133+0000] {logging_mixin.py:188} INFO - Data Sent!
[2024-03-30T00:12:12.376+0000] {logging_mixin.py:188} INFO - Data Sent!
[2024-03-30T00:12:12.595+0000] {logging_mixin.py:188} INFO - Data Sent!
[2024-03-30T00:12:12.837+0000] {logging_mixin.py:188} INFO - Data Sent!
[2024-03-30T00:12:13.142+0000] {logging_mixin.py:188} INFO - Data Sent!
[2024-03-30T00:12:13.333+0000] {logging_mixin.py:188} INFO - Data Sent!
[2024-03-30T00:12:13.561+0000] {logging_mixin.py:188} INFO - Data Sent!
[2024-03-30T00:12:13.811+0000] {logging_mixin.py:188} INFO - Data Sent!
[2024-03-30T00:12:13.991+0000] {logging_mixin.py:188} INFO - Data Sent!
[2024-03-30T00:12:14.200+0000] {logging_mixin.py:188} INFO - Data Sent!
[2024-03-30T00:12:14.461+0000] {logging_mixin.py:188} INFO - Data Sent!
[2024-03-30T00:12:14.689+0000] {logging_mixin.py:188} INFO - Data Sent!
[2024-03-30T00:12:14.888+0000] {logging_mixin.py:188} INFO - Data Sent!
[2024-03-30T00:12:15.152+0000] {logging_mixin.py:188} INFO - Data Sent!
[2024-03-30T00:12:15.378+0000] {logging_mixin.py:188} INFO - Data Sent!
[2024-03-30T00:12:15.663+0000] {logging_mixin.py:188} INFO - Data Sent!
[2024-03-30T00:12:16.084+0000] {logging_mixin.py:188} INFO - Data Sent!
[2024-03-30T00:12:16.259+0000] {logging_mixin.py:188} INFO - Data Sent!
[2024-03-30T00:12:16.474+0000] {logging_mixin.py:188} INFO - Data Sent!
[2024-03-30T00:12:16.775+0000] {logging_mixin.py:188} INFO - Data Sent!
[2024-03-30T00:12:16.972+0000] {logging_mixin.py:188} INFO - Data Sent!
[2024-03-30T00:12:17.177+0000] {logging_mixin.py:188} INFO - Data Sent!
[2024-03-30T00:12:17.393+0000] {logging_mixin.py:188} INFO - Data Sent!
[2024-03-30T00:12:17.606+0000] {logging_mixin.py:188} INFO - Data Sent!
[2024-03-30T00:12:17.860+0000] {logging_mixin.py:188} INFO - Data Sent!
[2024-03-30T00:12:18.135+0000] {logging_mixin.py:188} INFO - Data Sent!
[2024-03-30T00:12:18.329+0000] {logging_mixin.py:188} INFO - Data Sent!
[2024-03-30T00:12:18.523+0000] {logging_mixin.py:188} INFO - Data Sent!
[2024-03-30T00:12:18.737+0000] {logging_mixin.py:188} INFO - Data Sent!
[2024-03-30T00:12:18.928+0000] {logging_mixin.py:188} INFO - Data Sent!
[2024-03-30T00:12:19.163+0000] {logging_mixin.py:188} INFO - Data Sent!
[2024-03-30T00:12:19.334+0000] {logging_mixin.py:188} INFO - Data Sent!
[2024-03-30T00:12:19.542+0000] {logging_mixin.py:188} INFO - Data Sent!
[2024-03-30T00:12:19.752+0000] {logging_mixin.py:188} INFO - Data Sent!
[2024-03-30T00:12:19.980+0000] {logging_mixin.py:188} INFO - Data Sent!
[2024-03-30T00:12:20.194+0000] {logging_mixin.py:188} INFO - Data Sent!
[2024-03-30T00:12:20.444+0000] {logging_mixin.py:188} INFO - Data Sent!
[2024-03-30T00:12:20.652+0000] {logging_mixin.py:188} INFO - Data Sent!
[2024-03-30T00:12:20.895+0000] {logging_mixin.py:188} INFO - Data Sent!
[2024-03-30T00:12:21.221+0000] {logging_mixin.py:188} INFO - Data Sent!
[2024-03-30T00:12:21.425+0000] {logging_mixin.py:188} INFO - Data Sent!
[2024-03-30T00:12:21.648+0000] {logging_mixin.py:188} INFO - Data Sent!
[2024-03-30T00:12:21.881+0000] {logging_mixin.py:188} INFO - Data Sent!
[2024-03-30T00:12:22.109+0000] {logging_mixin.py:188} INFO - Data Sent!
[2024-03-30T00:12:22.338+0000] {logging_mixin.py:188} INFO - Data Sent!
[2024-03-30T00:12:22.573+0000] {logging_mixin.py:188} INFO - Data Sent!
[2024-03-30T00:12:22.863+0000] {logging_mixin.py:188} INFO - Data Sent!
[2024-03-30T00:12:23.572+0000] {logging_mixin.py:188} INFO - Data Sent!
[2024-03-30T00:12:23.800+0000] {logging_mixin.py:188} INFO - Data Sent!
[2024-03-30T00:12:23.826+0000] {conn.py:919} INFO - <BrokerConnection node_id=1 host=kafka:9092 <connected> [IPv4 ('172.24.0.7', 9092)]>: Closing connection. 
[2024-03-30T00:12:23.877+0000] {python.py:202} INFO - Done. Returned value was: None
[2024-03-30T00:12:24.547+0000] {taskinstance.py:1149} INFO - Marking task as SUCCESS. dag_id=user_ingestion_v2, task_id=stream_data_from_api, execution_date=20240329T000000, start_date=20240330T001022, end_date=20240330T001224
[2024-03-30T00:12:24.931+0000] {local_task_job_runner.py:234} INFO - Task exited with return code 0
[2024-03-30T00:12:25.131+0000] {taskinstance.py:3312} INFO - 0 downstream tasks scheduled from follow-on schedule check
